<?xml version="1.0" encoding="UTF-8"?>
<coverage generated="1593618137410" clover="3.2.0">
  <project timestamp="1593618137410" name="All files">
    <metrics statements="385" coveredstatements="360" conditionals="68" coveredconditionals="55" methods="107" coveredmethods="101" elements="560" coveredelements="516" complexity="0" loc="385" ncloc="385" packages="5" files="11" classes="11"/>
    <package name="controllers">
      <metrics statements="44" coveredstatements="38" conditionals="14" coveredconditionals="10" methods="18" coveredmethods="16"/>
      <file name="admin.js" path="/Users/tanil/Desktop/RubyProjects/Portfolio/week11-12/charity-apr2020/controllers/admin.js">
        <metrics statements="14" coveredstatements="14" conditionals="6" coveredconditionals="6" methods="4" coveredmethods="4"/>
        <line num="1" count="1" type="stmt"/>
        <line num="2" count="4" type="stmt"/>
        <line num="3" count="4" type="stmt"/>
        <line num="4" count="4" type="stmt"/>
        <line num="6" count="4" type="stmt"/>
        <line num="7" count="4" type="cond" truecount="2" falsecount="0"/>
        <line num="8" count="1" type="stmt"/>
        <line num="12" count="3" type="cond" truecount="2" falsecount="0"/>
        <line num="13" count="2" type="cond" truecount="2" falsecount="0"/>
        <line num="14" count="1" type="stmt"/>
        <line num="20" count="1" type="stmt"/>
        <line num="26" count="1" type="stmt"/>
        <line num="34" count="1" type="stmt"/>
        <line num="38" count="1" type="stmt"/>
      </file>
      <file name="homepage.js" path="/Users/tanil/Desktop/RubyProjects/Portfolio/week11-12/charity-apr2020/controllers/homepage.js">
        <metrics statements="30" coveredstatements="24" conditionals="8" coveredconditionals="4" methods="14" coveredmethods="12"/>
        <line num="1" count="2" type="stmt"/>
        <line num="2" count="2" type="stmt"/>
        <line num="3" count="1" type="stmt"/>
        <line num="11" count="1" type="stmt"/>
        <line num="12" count="0" type="cond" truecount="0" falsecount="2"/>
        <line num="13" count="0" type="stmt"/>
        <line num="15" count="0" type="stmt"/>
        <line num="19" count="2" type="stmt"/>
        <line num="20" count="1" type="stmt"/>
        <line num="21" count="1" type="stmt"/>
        <line num="22" count="0" type="cond" truecount="0" falsecount="2"/>
        <line num="23" count="0" type="stmt"/>
        <line num="25" count="0" type="stmt"/>
        <line num="29" count="2" type="stmt"/>
        <line num="30" count="1" type="stmt"/>
        <line num="32" count="1" type="stmt"/>
        <line num="33" count="1" type="stmt"/>
        <line num="34" count="2" type="cond" truecount="2" falsecount="0"/>
        <line num="35" count="1" type="stmt"/>
        <line num="38" count="1" type="stmt"/>
        <line num="39" count="1" type="stmt"/>
        <line num="43" count="2" type="stmt"/>
        <line num="44" count="1" type="stmt"/>
        <line num="46" count="1" type="stmt"/>
        <line num="47" count="1" type="stmt"/>
        <line num="48" count="2" type="cond" truecount="2" falsecount="0"/>
        <line num="49" count="1" type="stmt"/>
        <line num="52" count="1" type="stmt"/>
        <line num="53" count="1" type="stmt"/>
        <line num="58" count="2" type="stmt"/>
      </file>
    </package>
    <package name="controllers.pairs">
      <metrics statements="312" coveredstatements="294" conditionals="54" coveredconditionals="45" methods="84" coveredmethods="81"/>
      <file name="_geneticPairs.js" path="/Users/tanil/Desktop/RubyProjects/Portfolio/week11-12/charity-apr2020/controllers/pairs/_geneticPairs.js">
        <metrics statements="117" coveredstatements="113" conditionals="26" coveredconditionals="20" methods="31" coveredmethods="29"/>
        <line num="1" count="1" type="stmt"/>
        <line num="5" count="2" type="stmt"/>
        <line num="6" count="2" type="stmt"/>
        <line num="8" count="2" type="stmt"/>
        <line num="9" count="2" type="stmt"/>
        <line num="11" count="2" type="stmt"/>
        <line num="12" count="4" type="stmt"/>
        <line num="15" count="2" type="stmt"/>
        <line num="16" count="4" type="stmt"/>
        <line num="19" count="2" type="stmt"/>
        <line num="20" count="2" type="stmt"/>
        <line num="21" count="2" type="stmt"/>
        <line num="23" count="2" type="stmt"/>
        <line num="36" count="2" type="stmt"/>
        <line num="38" count="2" type="stmt"/>
        <line num="41" count="2" type="stmt"/>
        <line num="42" count="2" type="stmt"/>
        <line num="44" count="2" type="stmt"/>
        <line num="45" count="2" type="stmt"/>
        <line num="47" count="2" type="stmt"/>
        <line num="48" count="3" type="cond" truecount="2" falsecount="0"/>
        <line num="49" count="2" type="cond" truecount="1" falsecount="1"/>
        <line num="51" count="2" type="stmt"/>
        <line num="53" count="2" type="stmt"/>
        <line num="55" count="2" type="stmt"/>
        <line num="57" count="4" type="stmt"/>
        <line num="59" count="4" type="stmt"/>
        <line num="60" count="2" type="stmt"/>
        <line num="63" count="1" type="cond" truecount="1" falsecount="1"/>
        <line num="64" count="1" type="stmt"/>
        <line num="65" count="1" type="stmt"/>
        <line num="66" count="1" type="stmt"/>
        <line num="67" count="1" type="stmt"/>
        <line num="68" count="1" type="stmt"/>
        <line num="72" count="3" type="stmt"/>
        <line num="74" count="3" type="cond" truecount="4" falsecount="0"/>
        <line num="75" count="2" type="stmt"/>
        <line num="79" count="2" type="stmt"/>
        <line num="80" count="2" type="stmt"/>
        <line num="81" count="2" type="stmt"/>
        <line num="84" count="2" type="stmt"/>
        <line num="88" count="2" type="stmt"/>
        <line num="92" count="1" type="stmt"/>
        <line num="93" count="2" type="cond" truecount="2" falsecount="0"/>
        <line num="94" count="1" type="stmt"/>
        <line num="96" count="1" type="stmt"/>
        <line num="99" count="1" type="stmt"/>
        <line num="103" count="1" type="stmt"/>
        <line num="104" count="2" type="cond" truecount="2" falsecount="0"/>
        <line num="105" count="1" type="stmt"/>
        <line num="107" count="1" type="stmt"/>
        <line num="110" count="1" type="stmt"/>
        <line num="114" count="3" type="stmt"/>
        <line num="115" count="5" type="cond" truecount="4" falsecount="0"/>
        <line num="116" count="4" type="stmt"/>
        <line num="118" count="1" type="stmt"/>
        <line num="122" count="3" type="stmt"/>
        <line num="124" count="3" type="stmt"/>
        <line num="128" count="0" type="stmt"/>
        <line num="129" count="0" type="cond" truecount="0" falsecount="4"/>
        <line num="130" count="0" type="stmt"/>
        <line num="133" count="0" type="stmt"/>
        <line num="144" count="2" type="stmt"/>
        <line num="145" count="2" type="stmt"/>
        <line num="146" count="10" type="stmt"/>
        <line num="152" count="2" type="stmt"/>
        <line num="153" count="2" type="stmt"/>
        <line num="154" count="10" type="stmt"/>
        <line num="155" count="10" type="stmt"/>
        <line num="156" count="10" type="stmt"/>
        <line num="160" count="2" type="stmt"/>
        <line num="161" count="10" type="stmt"/>
        <line num="162" count="10" type="stmt"/>
        <line num="165" count="2" type="stmt"/>
        <line num="166" count="2" type="stmt"/>
        <line num="168" count="2" type="stmt"/>
        <line num="169" count="10" type="stmt"/>
        <line num="170" count="10" type="stmt"/>
        <line num="171" count="102" type="stmt"/>
        <line num="175" count="2" type="stmt"/>
        <line num="179" count="2" type="stmt"/>
        <line num="180" count="10" type="stmt"/>
        <line num="181" count="10" type="stmt"/>
        <line num="186" count="10" type="stmt"/>
        <line num="187" count="10" type="stmt"/>
        <line num="188" count="20" type="stmt"/>
        <line num="190" count="10" type="stmt"/>
        <line num="194" count="2" type="stmt"/>
        <line num="195" count="2" type="stmt"/>
        <line num="196" count="10" type="stmt"/>
        <line num="198" count="2" type="stmt"/>
        <line num="201" count="2" type="stmt"/>
        <line num="202" count="10" type="stmt"/>
        <line num="204" count="10" type="stmt"/>
        <line num="205" count="10" type="stmt"/>
        <line num="207" count="10" type="stmt"/>
        <line num="208" count="20" type="stmt"/>
        <line num="209" count="20" type="stmt"/>
        <line num="210" count="50" type="cond" truecount="2" falsecount="0"/>
        <line num="211" count="20" type="stmt"/>
        <line num="212" count="50" type="cond" truecount="2" falsecount="0"/>
        <line num="213" count="20" type="stmt"/>
        <line num="214" count="20" type="stmt"/>
        <line num="215" count="20" type="stmt"/>
        <line num="216" count="20" type="stmt"/>
        <line num="222" count="10" type="stmt"/>
        <line num="225" count="2" type="stmt"/>
        <line num="226" count="20" type="stmt"/>
        <line num="227" count="20" type="stmt"/>
        <line num="228" count="20" type="stmt"/>
        <line num="229" count="20" type="stmt"/>
        <line num="230" count="20" type="stmt"/>
        <line num="232" count="20" type="stmt"/>
        <line num="236" count="1" type="stmt"/>
        <line num="238" count="2" type="stmt"/>
        <line num="240" count="2" type="stmt"/>
        <line num="248" count="1" type="stmt"/>
      </file>
      <file name="averagePairs.js" path="/Users/tanil/Desktop/RubyProjects/Portfolio/week11-12/charity-apr2020/controllers/pairs/averagePairs.js">
        <metrics statements="46" coveredstatements="46" conditionals="6" coveredconditionals="6" methods="12" coveredmethods="12"/>
        <line num="1" count="1" type="stmt"/>
        <line num="2" count="1" type="stmt"/>
        <line num="5" count="1" type="stmt"/>
        <line num="6" count="1" type="stmt"/>
        <line num="7" count="1" type="stmt"/>
        <line num="9" count="1" type="stmt"/>
        <line num="10" count="3" type="stmt"/>
        <line num="13" count="1" type="stmt"/>
        <line num="14" count="3" type="stmt"/>
        <line num="17" count="1" type="stmt"/>
        <line num="25" count="1" type="stmt"/>
        <line num="28" count="3" type="stmt"/>
        <line num="30" count="3" type="stmt"/>
        <line num="31" count="6" type="stmt"/>
        <line num="36" count="6" type="stmt"/>
        <line num="37" count="18" type="stmt"/>
        <line num="41" count="18" type="stmt"/>
        <line num="45" count="6" type="stmt"/>
        <line num="47" count="6" type="stmt"/>
        <line num="48" count="6" type="stmt"/>
        <line num="49" count="6" type="stmt"/>
        <line num="50" count="6" type="stmt"/>
        <line num="53" count="3" type="stmt"/>
        <line num="54" count="3" type="stmt"/>
        <line num="59" count="1" type="stmt"/>
        <line num="60" count="6" type="stmt"/>
        <line num="61" count="18" type="stmt"/>
        <line num="62" count="54" type="cond" truecount="2" falsecount="0"/>
        <line num="63" count="18" type="stmt"/>
        <line num="64" count="54" type="cond" truecount="2" falsecount="0"/>
        <line num="65" count="18" type="stmt"/>
        <line num="66" count="18" type="stmt"/>
        <line num="67" count="18" type="stmt"/>
        <line num="76" count="1" type="stmt"/>
        <line num="77" count="6" type="stmt"/>
        <line num="78" count="6" type="stmt"/>
        <line num="79" count="18" type="stmt"/>
        <line num="81" count="6" type="stmt"/>
        <line num="85" count="1" type="stmt"/>
        <line num="89" count="1" type="stmt"/>
        <line num="90" count="6" type="cond" truecount="2" falsecount="0"/>
        <line num="91" count="3" type="stmt"/>
        <line num="96" count="1" type="stmt"/>
        <line num="97" count="3" type="stmt"/>
        <line num="99" count="1" type="stmt"/>
        <line num="103" count="1" type="stmt"/>
      </file>
      <file name="pairingGenome.js" path="/Users/tanil/Desktop/RubyProjects/Portfolio/week11-12/charity-apr2020/controllers/pairs/pairingGenome.js">
        <metrics statements="70" coveredstatements="61" conditionals="18" coveredconditionals="16" methods="19" coveredmethods="18"/>
        <line num="1" count="2" type="stmt"/>
        <line num="5" count="50536" type="stmt"/>
        <line num="6" count="50536" type="stmt"/>
        <line num="15" count="506" type="stmt"/>
        <line num="16" count="506" type="stmt"/>
        <line num="18" count="506" type="stmt"/>
        <line num="19" count="506" type="stmt"/>
        <line num="21" count="506" type="stmt"/>
        <line num="22" count="1512" type="stmt"/>
        <line num="28" count="506" type="stmt"/>
        <line num="29" count="1512" type="stmt"/>
        <line num="30" count="1512" type="stmt"/>
        <line num="39" count="92517" type="stmt"/>
        <line num="40" count="73731" type="cond" truecount="2" falsecount="0"/>
        <line num="53" count="50003" type="stmt"/>
        <line num="54" count="50003" type="stmt"/>
        <line num="56" count="50003" type="stmt"/>
        <line num="57" count="50003" type="stmt"/>
        <line num="59" count="50003" type="stmt"/>
        <line num="60" count="158034" type="cond" truecount="2" falsecount="0"/>
        <line num="61" count="99241" type="cond" truecount="2" falsecount="0"/>
        <line num="64" count="52278" type="stmt"/>
        <line num="67" count="52278" type="stmt"/>
        <line num="69" count="52278" type="stmt"/>
        <line num="71" count="104866" type="stmt"/>
        <line num="73" count="104867" type="stmt"/>
        <line num="75" count="52278" type="stmt"/>
        <line num="78" count="58793" type="cond" truecount="2" falsecount="0"/>
        <line num="79" count="40235" type="stmt"/>
        <line num="80" count="40235" type="stmt"/>
        <line num="81" count="40235" type="stmt"/>
        <line num="82" count="80339" type="stmt"/>
        <line num="83" count="80341" type="stmt"/>
        <line num="84" count="40235" type="stmt"/>
        <line num="88" count="158034" type="stmt"/>
        <line num="89" count="158034" type="cond" truecount="4" falsecount="0"/>
        <line num="90" count="50003" type="stmt"/>
        <line num="94" count="50003" type="stmt"/>
        <line num="95" count="57497" type="stmt"/>
        <line num="96" count="57497" type="stmt"/>
        <line num="97" count="57497" type="stmt"/>
        <line num="100" count="50003" type="stmt"/>
        <line num="107" count="59010" type="stmt"/>
        <line num="108" count="177017" type="cond" truecount="2" falsecount="0"/>
        <line num="109" count="59010" type="stmt"/>
        <line num="110" count="177017" type="cond" truecount="2" falsecount="0"/>
        <line num="111" count="59010" type="stmt"/>
        <line num="112" count="59010" type="stmt"/>
        <line num="113" count="59010" type="stmt"/>
        <line num="118" count="59010" type="stmt"/>
        <line num="126" count="50511" type="stmt"/>
        <line num="127" count="50511" type="stmt"/>
        <line num="128" count="151533" type="stmt"/>
        <line num="130" count="50511" type="stmt"/>
        <line num="134" count="0" type="stmt"/>
        <line num="135" count="0" type="stmt"/>
        <line num="137" count="0" type="cond" truecount="0" falsecount="2"/>
        <line num="138" count="0" type="stmt"/>
        <line num="139" count="0" type="stmt"/>
        <line num="140" count="0" type="stmt"/>
        <line num="142" count="0" type="stmt"/>
        <line num="143" count="0" type="stmt"/>
        <line num="144" count="0" type="stmt"/>
        <line num="149" count="1012" type="stmt"/>
        <line num="150" count="2012" type="stmt"/>
        <line num="151" count="2012" type="stmt"/>
        <line num="152" count="2012" type="stmt"/>
        <line num="153" count="2012" type="stmt"/>
        <line num="155" count="1012" type="stmt"/>
        <line num="159" count="2" type="stmt"/>
      </file>
      <file name="pairingPopulation.js" path="/Users/tanil/Desktop/RubyProjects/Portfolio/week11-12/charity-apr2020/controllers/pairs/pairingPopulation.js">
        <metrics statements="64" coveredstatements="63" conditionals="4" coveredconditionals="3" methods="18" coveredmethods="18"/>
        <line num="1" count="1" type="stmt"/>
        <line num="5" count="6" type="stmt"/>
        <line num="6" count="6" type="stmt"/>
        <line num="7" count="6" type="stmt"/>
        <line num="8" count="6" type="stmt"/>
        <line num="9" count="6" type="stmt"/>
        <line num="10" count="6" type="stmt"/>
        <line num="12" count="6" type="stmt"/>
        <line num="17" count="6" type="stmt"/>
        <line num="18" count="9" type="stmt"/>
        <line num="21" count="6" type="stmt"/>
        <line num="22" count="9" type="stmt"/>
        <line num="25" count="6" type="stmt"/>
        <line num="29" count="2" type="stmt"/>
        <line num="30" count="505" type="stmt"/>
        <line num="31" count="505" type="stmt"/>
        <line num="32" count="505" type="stmt"/>
        <line num="40" count="102" type="stmt"/>
        <line num="41" count="50510" type="stmt"/>
        <line num="53" count="101" type="stmt"/>
        <line num="54" count="101" type="stmt"/>
        <line num="55" count="50002" type="stmt"/>
        <line num="61" count="101" type="stmt"/>
        <line num="62" count="101" type="stmt"/>
        <line num="63" count="50002" type="stmt"/>
        <line num="64" count="50002" type="stmt"/>
        <line num="65" count="50002" type="stmt"/>
        <line num="69" count="101" type="stmt"/>
        <line num="70" count="50002" type="stmt"/>
        <line num="71" count="50002" type="stmt"/>
        <line num="74" count="101" type="stmt"/>
        <line num="76" count="101" type="stmt"/>
        <line num="77" count="50002" type="stmt"/>
        <line num="78" count="50002" type="stmt"/>
        <line num="79" count="50015" type="stmt"/>
        <line num="86" count="100" type="stmt"/>
        <line num="87" count="100" type="stmt"/>
        <line num="89" count="50000" type="stmt"/>
        <line num="90" count="50000" type="stmt"/>
        <line num="91" count="50000" type="stmt"/>
        <line num="93" count="50000" type="stmt"/>
        <line num="95" count="100" type="stmt"/>
        <line num="99" count="1" type="stmt"/>
        <line num="100" count="1" type="stmt"/>
        <line num="101" count="500" type="cond" truecount="2" falsecount="0"/>
        <line num="102" count="1" type="stmt"/>
        <line num="105" count="1" type="stmt"/>
        <line num="109" count="100" type="stmt"/>
        <line num="110" count="50000" type="cond" truecount="1" falsecount="1"/>
        <line num="111" count="0" type="stmt"/>
        <line num="117" count="1" type="stmt"/>
        <line num="119" count="1" type="stmt"/>
        <line num="120" count="1" type="stmt"/>
        <line num="122" count="1" type="stmt"/>
        <line num="123" count="100" type="stmt"/>
        <line num="124" count="100" type="stmt"/>
        <line num="125" count="100" type="stmt"/>
        <line num="126" count="100" type="stmt"/>
        <line num="128" count="1" type="stmt"/>
        <line num="129" count="1" type="stmt"/>
        <line num="130" count="1" type="stmt"/>
        <line num="131" count="3" type="stmt"/>
        <line num="133" count="1" type="stmt"/>
        <line num="137" count="1" type="stmt"/>
      </file>
      <file name="randomPairs.js" path="/Users/tanil/Desktop/RubyProjects/Portfolio/week11-12/charity-apr2020/controllers/pairs/randomPairs.js">
        <metrics statements="15" coveredstatements="11" conditionals="0" coveredconditionals="0" methods="4" coveredmethods="4"/>
        <line num="1" count="1" type="stmt"/>
        <line num="4" count="4" type="stmt"/>
        <line num="7" count="4" type="stmt"/>
        <line num="8" count="9" type="stmt"/>
        <line num="14" count="4" type="stmt"/>
        <line num="18" count="1" type="stmt"/>
        <line num="19" count="1" type="stmt"/>
        <line num="20" count="1" type="stmt"/>
        <line num="24" count="2" type="stmt"/>
        <line num="25" count="0" type="stmt"/>
        <line num="26" count="0" type="stmt"/>
        <line num="27" count="0" type="stmt"/>
        <line num="28" count="0" type="stmt"/>
        <line num="30" count="2" type="stmt"/>
        <line num="34" count="1" type="stmt"/>
      </file>
    </package>
    <package name="models">
      <metrics statements="8" coveredstatements="8" conditionals="0" coveredconditionals="0" methods="0" coveredmethods="0"/>
      <file name="admin.js" path="/Users/tanil/Desktop/RubyProjects/Portfolio/week11-12/charity-apr2020/models/admin.js">
        <metrics statements="4" coveredstatements="4" conditionals="0" coveredconditionals="0" methods="0" coveredmethods="0"/>
        <line num="1" count="1" type="stmt"/>
        <line num="3" count="1" type="stmt"/>
        <line num="14" count="1" type="stmt"/>
        <line num="16" count="1" type="stmt"/>
      </file>
      <file name="member.js" path="/Users/tanil/Desktop/RubyProjects/Portfolio/week11-12/charity-apr2020/models/member.js">
        <metrics statements="4" coveredstatements="4" conditionals="0" coveredconditionals="0" methods="0" coveredmethods="0"/>
        <line num="1" count="1" type="stmt"/>
        <line num="3" count="1" type="stmt"/>
        <line num="16" count="1" type="stmt"/>
        <line num="18" count="1" type="stmt"/>
      </file>
    </package>
    <package name="routes">
      <metrics statements="11" coveredstatements="10" conditionals="0" coveredconditionals="0" methods="1" coveredmethods="0"/>
      <file name="index.js" path="/Users/tanil/Desktop/RubyProjects/Portfolio/week11-12/charity-apr2020/routes/index.js">
        <metrics statements="11" coveredstatements="10" conditionals="0" coveredconditionals="0" methods="1" coveredmethods="0"/>
        <line num="1" count="1" type="stmt"/>
        <line num="2" count="1" type="stmt"/>
        <line num="3" count="1" type="stmt"/>
        <line num="4" count="1" type="stmt"/>
        <line num="7" count="1" type="stmt"/>
        <line num="8" count="0" type="stmt"/>
        <line num="11" count="1" type="stmt"/>
        <line num="12" count="1" type="stmt"/>
        <line num="13" count="1" type="stmt"/>
        <line num="14" count="1" type="stmt"/>
        <line num="17" count="1" type="stmt"/>
      </file>
    </package>
    <package name="spec">
      <metrics statements="10" coveredstatements="10" conditionals="0" coveredconditionals="0" methods="4" coveredmethods="4"/>
      <file name="mongodb_helper.js" path="/Users/tanil/Desktop/RubyProjects/Portfolio/week11-12/charity-apr2020/spec/mongodb_helper.js">
        <metrics statements="10" coveredstatements="10" conditionals="0" coveredconditionals="0" methods="4" coveredmethods="4"/>
        <line num="1" count="1" type="stmt"/>
        <line num="3" count="1" type="stmt"/>
        <line num="4" count="1" type="stmt"/>
        <line num="9" count="1" type="stmt"/>
        <line num="10" count="1" type="stmt"/>
        <line num="11" count="1" type="stmt"/>
        <line num="12" count="1" type="stmt"/>
        <line num="16" count="1" type="stmt"/>
        <line num="17" count="1" type="stmt"/>
        <line num="18" count="1" type="stmt"/>
      </file>
    </package>
  </project>
</coverage>
