{"/Users/tanil/Desktop/RubyProjects/Portfolio/week11-12/charity-apr2020/controllers/admin.js": {"path":"/Users/tanil/Desktop/RubyProjects/Portfolio/week11-12/charity-apr2020/controllers/admin.js","statementMap":{"0":{"start":{"line":1,"column":22},"end":{"line":36,"column":1}},"1":{"start":{"line":2,"column":25},"end":{"line":32,"column":3}},"2":{"start":{"line":3,"column":21},"end":{"line":3,"column":24}},"3":{"start":{"line":4,"column":36},"end":{"line":4,"column":40}},"4":{"start":{"line":6,"column":4},"end":{"line":31,"column":7}},"5":{"start":{"line":7,"column":6},"end":{"line":30,"column":7}},"6":{"start":{"line":8,"column":8},"end":{"line":11,"column":11}},"7":{"start":{"line":12,"column":13},"end":{"line":30,"column":7}},"8":{"start":{"line":13,"column":8},"end":{"line":24,"column":9}},"9":{"start":{"line":14,"column":10},"end":{"line":18,"column":13}},"10":{"start":{"line":20,"column":10},"end":{"line":23,"column":13}},"11":{"start":{"line":26,"column":8},"end":{"line":29,"column":11}},"12":{"start":{"line":34,"column":4},"end":{"line":34,"column":24}},"13":{"start":{"line":38,"column":0},"end":{"line":38,"column":33}}},"fnMap":{"0":{"name":"(anonymous_0)","decl":{"start":{"line":2,"column":9},"end":{"line":2,"column":10}},"loc":{"start":{"line":2,"column":25},"end":{"line":32,"column":3}},"line":2},"1":{"name":"(anonymous_1)","decl":{"start":{"line":2,"column":25},"end":{"line":2,"column":26}},"loc":{"start":{"line":2,"column":39},"end":{"line":32,"column":3}},"line":2},"2":{"name":"(anonymous_2)","decl":{"start":{"line":6,"column":49},"end":{"line":6,"column":50}},"loc":{"start":{"line":6,"column":73},"end":{"line":31,"column":5}},"line":6},"3":{"name":"(anonymous_3)","decl":{"start":{"line":33,"column":9},"end":{"line":33,"column":10}},"loc":{"start":{"line":33,"column":23},"end":{"line":35,"column":3}},"line":33}},"branchMap":{"0":{"loc":{"start":{"line":7,"column":6},"end":{"line":30,"column":7}},"type":"if","locations":[{"start":{"line":7,"column":6},"end":{"line":30,"column":7}},{"start":{"line":7,"column":6},"end":{"line":30,"column":7}}],"line":7},"1":{"loc":{"start":{"line":12,"column":13},"end":{"line":30,"column":7}},"type":"if","locations":[{"start":{"line":12,"column":13},"end":{"line":30,"column":7}},{"start":{"line":12,"column":13},"end":{"line":30,"column":7}}],"line":12},"2":{"loc":{"start":{"line":13,"column":8},"end":{"line":24,"column":9}},"type":"if","locations":[{"start":{"line":13,"column":8},"end":{"line":24,"column":9}},{"start":{"line":13,"column":8},"end":{"line":24,"column":9}}],"line":13}},"s":{"0":1,"1":4,"2":4,"3":4,"4":4,"5":4,"6":1,"7":3,"8":2,"9":1,"10":1,"11":1,"12":1,"13":1},"f":{"0":4,"1":4,"2":4,"3":1},"b":{"0":[1,3],"1":[2,1],"2":[1,1]},"_coverageSchema":"1a1c01bbd47fc00a2c39e90264f33305004495a9","hash":"3a52b9a50786baacabdd54ca5d640f69cf10ef51"}
,"/Users/tanil/Desktop/RubyProjects/Portfolio/week11-12/charity-apr2020/controllers/homepage.js": {"path":"/Users/tanil/Desktop/RubyProjects/Portfolio/week11-12/charity-apr2020/controllers/homepage.js","statementMap":{"0":{"start":{"line":1,"column":25},"end":{"line":60,"column":1}},"1":{"start":{"line":2,"column":33},"end":{"line":17,"column":3}},"2":{"start":{"line":3,"column":17},"end":{"line":9,"column":6}},"3":{"start":{"line":11,"column":4},"end":{"line":16,"column":7}},"4":{"start":{"line":12,"column":6},"end":{"line":14,"column":7}},"5":{"start":{"line":13,"column":8},"end":{"line":13,"column":25}},"6":{"start":{"line":15,"column":6},"end":{"line":15,"column":39}},"7":{"start":{"line":19,"column":33},"end":{"line":27,"column":3}},"8":{"start":{"line":20,"column":13},"end":{"line":20,"column":28}},"9":{"start":{"line":21,"column":4},"end":{"line":26,"column":7}},"10":{"start":{"line":22,"column":6},"end":{"line":24,"column":7}},"11":{"start":{"line":23,"column":8},"end":{"line":23,"column":18}},"12":{"start":{"line":25,"column":6},"end":{"line":25,"column":45}},"13":{"start":{"line":29,"column":31},"end":{"line":41,"column":3}},"14":{"start":{"line":30,"column":18},"end":{"line":30,"column":20}},"15":{"start":{"line":32,"column":4},"end":{"line":40,"column":7}},"16":{"start":{"line":33,"column":6},"end":{"line":37,"column":9}},"17":{"start":{"line":34,"column":8},"end":{"line":36,"column":9}},"18":{"start":{"line":35,"column":10},"end":{"line":35,"column":31}},"19":{"start":{"line":38,"column":6},"end":{"line":38,"column":29}},"20":{"start":{"line":39,"column":6},"end":{"line":39,"column":46}},"21":{"start":{"line":43,"column":30},"end":{"line":55,"column":3}},"22":{"start":{"line":44,"column":17},"end":{"line":44,"column":19}},"23":{"start":{"line":46,"column":4},"end":{"line":54,"column":7}},"24":{"start":{"line":47,"column":6},"end":{"line":51,"column":9}},"25":{"start":{"line":48,"column":8},"end":{"line":50,"column":9}},"26":{"start":{"line":49,"column":10},"end":{"line":49,"column":30}},"27":{"start":{"line":52,"column":6},"end":{"line":52,"column":28}},"28":{"start":{"line":53,"column":6},"end":{"line":53,"column":44}},"29":{"start":{"line":58,"column":4},"end":{"line":58,"column":24}},"30":{"start":{"line":62,"column":0},"end":{"line":62,"column":36}}},"fnMap":{"0":{"name":"(anonymous_0)","decl":{"start":{"line":2,"column":16},"end":{"line":2,"column":17}},"loc":{"start":{"line":2,"column":33},"end":{"line":17,"column":3}},"line":2},"1":{"name":"(anonymous_1)","decl":{"start":{"line":2,"column":33},"end":{"line":2,"column":34}},"loc":{"start":{"line":2,"column":56},"end":{"line":17,"column":3}},"line":2},"2":{"name":"(anonymous_2)","decl":{"start":{"line":11,"column":16},"end":{"line":11,"column":17}},"loc":{"start":{"line":11,"column":25},"end":{"line":16,"column":5}},"line":11},"3":{"name":"(anonymous_3)","decl":{"start":{"line":19,"column":16},"end":{"line":19,"column":17}},"loc":{"start":{"line":19,"column":33},"end":{"line":27,"column":3}},"line":19},"4":{"name":"(anonymous_4)","decl":{"start":{"line":19,"column":33},"end":{"line":19,"column":34}},"loc":{"start":{"line":19,"column":56},"end":{"line":27,"column":3}},"line":19},"5":{"name":"(anonymous_5)","decl":{"start":{"line":21,"column":39},"end":{"line":21,"column":40}},"loc":{"start":{"line":21,"column":48},"end":{"line":26,"column":5}},"line":21},"6":{"name":"(anonymous_6)","decl":{"start":{"line":29,"column":14},"end":{"line":29,"column":15}},"loc":{"start":{"line":29,"column":31},"end":{"line":41,"column":3}},"line":29},"7":{"name":"(anonymous_7)","decl":{"start":{"line":29,"column":31},"end":{"line":29,"column":32}},"loc":{"start":{"line":29,"column":54},"end":{"line":41,"column":3}},"line":29},"8":{"name":"(anonymous_8)","decl":{"start":{"line":32,"column":21},"end":{"line":32,"column":22}},"loc":{"start":{"line":32,"column":38},"end":{"line":40,"column":5}},"line":32},"9":{"name":"(anonymous_9)","decl":{"start":{"line":33,"column":21},"end":{"line":33,"column":22}},"loc":{"start":{"line":33,"column":33},"end":{"line":37,"column":7}},"line":33},"10":{"name":"(anonymous_10)","decl":{"start":{"line":43,"column":13},"end":{"line":43,"column":14}},"loc":{"start":{"line":43,"column":30},"end":{"line":55,"column":3}},"line":43},"11":{"name":"(anonymous_11)","decl":{"start":{"line":43,"column":30},"end":{"line":43,"column":31}},"loc":{"start":{"line":43,"column":53},"end":{"line":55,"column":3}},"line":43},"12":{"name":"(anonymous_12)","decl":{"start":{"line":46,"column":21},"end":{"line":46,"column":22}},"loc":{"start":{"line":46,"column":38},"end":{"line":54,"column":5}},"line":46},"13":{"name":"(anonymous_13)","decl":{"start":{"line":47,"column":21},"end":{"line":47,"column":22}},"loc":{"start":{"line":47,"column":33},"end":{"line":51,"column":7}},"line":47},"14":{"name":"(anonymous_14)","decl":{"start":{"line":57,"column":9},"end":{"line":57,"column":10}},"loc":{"start":{"line":57,"column":29},"end":{"line":59,"column":3}},"line":57}},"branchMap":{"0":{"loc":{"start":{"line":12,"column":6},"end":{"line":14,"column":7}},"type":"if","locations":[{"start":{"line":12,"column":6},"end":{"line":14,"column":7}},{"start":{"line":12,"column":6},"end":{"line":14,"column":7}}],"line":12},"1":{"loc":{"start":{"line":22,"column":6},"end":{"line":24,"column":7}},"type":"if","locations":[{"start":{"line":22,"column":6},"end":{"line":24,"column":7}},{"start":{"line":22,"column":6},"end":{"line":24,"column":7}}],"line":22},"2":{"loc":{"start":{"line":34,"column":8},"end":{"line":36,"column":9}},"type":"if","locations":[{"start":{"line":34,"column":8},"end":{"line":36,"column":9}},{"start":{"line":34,"column":8},"end":{"line":36,"column":9}}],"line":34},"3":{"loc":{"start":{"line":48,"column":8},"end":{"line":50,"column":9}},"type":"if","locations":[{"start":{"line":48,"column":8},"end":{"line":50,"column":9}},{"start":{"line":48,"column":8},"end":{"line":50,"column":9}}],"line":48}},"s":{"0":2,"1":2,"2":1,"3":1,"4":0,"5":0,"6":0,"7":2,"8":1,"9":1,"10":0,"11":0,"12":0,"13":2,"14":1,"15":1,"16":1,"17":2,"18":1,"19":1,"20":1,"21":2,"22":1,"23":1,"24":1,"25":2,"26":1,"27":1,"28":1,"29":1,"30":2},"f":{"0":2,"1":1,"2":0,"3":2,"4":1,"5":0,"6":2,"7":1,"8":1,"9":2,"10":2,"11":1,"12":1,"13":2,"14":1},"b":{"0":[0,0],"1":[0,0],"2":[1,1],"3":[1,1]},"_coverageSchema":"1a1c01bbd47fc00a2c39e90264f33305004495a9","hash":"5a008685ba7623c5ca6f8a39808f35b36f5ccd72"}
,"/Users/tanil/Desktop/RubyProjects/Portfolio/week11-12/charity-apr2020/controllers/pairs/_geneticPairs.js": {"path":"/Users/tanil/Desktop/RubyProjects/Portfolio/week11-12/charity-apr2020/controllers/pairs/_geneticPairs.js","statementMap":{"0":{"start":{"line":1,"column":8},"end":{"line":1,"column":25}},"1":{"start":{"line":5,"column":4},"end":{"line":5,"column":27}},"2":{"start":{"line":6,"column":4},"end":{"line":6,"column":29}},"3":{"start":{"line":8,"column":4},"end":{"line":8,"column":22}},"4":{"start":{"line":9,"column":4},"end":{"line":9,"column":21}},"5":{"start":{"line":11,"column":4},"end":{"line":13,"column":7}},"6":{"start":{"line":12,"column":6},"end":{"line":12,"column":35}},"7":{"start":{"line":15,"column":4},"end":{"line":17,"column":7}},"8":{"start":{"line":16,"column":6},"end":{"line":16,"column":37}},"9":{"start":{"line":19,"column":21},"end":{"line":19,"column":47}},"10":{"start":{"line":20,"column":4},"end":{"line":20,"column":62}},"11":{"start":{"line":21,"column":21},"end":{"line":21,"column":57}},"12":{"start":{"line":23,"column":4},"end":{"line":23,"column":45}},"13":{"start":{"line":36,"column":4},"end":{"line":36,"column":22}},"14":{"start":{"line":38,"column":4},"end":{"line":38,"column":24}},"15":{"start":{"line":41,"column":26},"end":{"line":41,"column":47}},"16":{"start":{"line":42,"column":25},"end":{"line":42,"column":45}},"17":{"start":{"line":44,"column":16},"end":{"line":44,"column":18}},"18":{"start":{"line":45,"column":15},"end":{"line":45,"column":19}},"19":{"start":{"line":47,"column":4},"end":{"line":77,"column":5}},"20":{"start":{"line":48,"column":6},"end":{"line":70,"column":7}},"21":{"start":{"line":49,"column":8},"end":{"line":61,"column":9}},"22":{"start":{"line":51,"column":21},"end":{"line":51,"column":33}},"23":{"start":{"line":53,"column":10},"end":{"line":53,"column":27}},"24":{"start":{"line":55,"column":10},"end":{"line":55,"column":70}},"25":{"start":{"line":57,"column":10},"end":{"line":57,"column":79}},"26":{"start":{"line":57,"column":48},"end":{"line":57,"column":75}},"27":{"start":{"line":59,"column":10},"end":{"line":59,"column":81}},"28":{"start":{"line":59,"column":50},"end":{"line":59,"column":78}},"29":{"start":{"line":60,"column":10},"end":{"line":60,"column":28}},"30":{"start":{"line":63,"column":8},"end":{"line":69,"column":9}},"31":{"start":{"line":64,"column":10},"end":{"line":64,"column":37}},"32":{"start":{"line":65,"column":10},"end":{"line":65,"column":70}},"33":{"start":{"line":66,"column":10},"end":{"line":66,"column":94}},"34":{"start":{"line":67,"column":10},"end":{"line":67,"column":90}},"35":{"start":{"line":68,"column":10},"end":{"line":68,"column":30}},"36":{"start":{"line":72,"column":6},"end":{"line":72,"column":19}},"37":{"start":{"line":74,"column":6},"end":{"line":76,"column":7}},"38":{"start":{"line":75,"column":8},"end":{"line":75,"column":14}},"39":{"start":{"line":79,"column":4},"end":{"line":79,"column":32}},"40":{"start":{"line":80,"column":4},"end":{"line":80,"column":33}},"41":{"start":{"line":81,"column":4},"end":{"line":81,"column":23}},"42":{"start":{"line":84,"column":4},"end":{"line":86,"column":7}},"43":{"start":{"line":88,"column":4},"end":{"line":88,"column":17}},"44":{"start":{"line":92,"column":4},"end":{"line":98,"column":7}},"45":{"start":{"line":93,"column":6},"end":{"line":97,"column":7}},"46":{"start":{"line":94,"column":8},"end":{"line":94,"column":21}},"47":{"start":{"line":96,"column":8},"end":{"line":96,"column":21}},"48":{"start":{"line":99,"column":4},"end":{"line":99,"column":37}},"49":{"start":{"line":103,"column":4},"end":{"line":109,"column":7}},"50":{"start":{"line":104,"column":6},"end":{"line":108,"column":7}},"51":{"start":{"line":105,"column":8},"end":{"line":105,"column":21}},"52":{"start":{"line":107,"column":8},"end":{"line":107,"column":22}},"53":{"start":{"line":110,"column":4},"end":{"line":110,"column":38}},"54":{"start":{"line":114,"column":4},"end":{"line":120,"column":7}},"55":{"start":{"line":115,"column":6},"end":{"line":119,"column":7}},"56":{"start":{"line":116,"column":8},"end":{"line":116,"column":21}},"57":{"start":{"line":118,"column":8},"end":{"line":118,"column":20}},"58":{"start":{"line":122,"column":4},"end":{"line":122,"column":31}},"59":{"start":{"line":124,"column":4},"end":{"line":124,"column":18}},"60":{"start":{"line":128,"column":4},"end":{"line":132,"column":7}},"61":{"start":{"line":129,"column":6},"end":{"line":131,"column":7}},"62":{"start":{"line":130,"column":8},"end":{"line":130,"column":20}},"63":{"start":{"line":133,"column":4},"end":{"line":133,"column":17}},"64":{"start":{"line":144,"column":28},"end":{"line":144,"column":29}},"65":{"start":{"line":145,"column":4},"end":{"line":147,"column":7}},"66":{"start":{"line":146,"column":6},"end":{"line":146,"column":42}},"67":{"start":{"line":152,"column":42},"end":{"line":152,"column":43}},"68":{"start":{"line":153,"column":4},"end":{"line":157,"column":7}},"69":{"start":{"line":154,"column":6},"end":{"line":154,"column":71}},"70":{"start":{"line":155,"column":6},"end":{"line":155,"column":70}},"71":{"start":{"line":156,"column":6},"end":{"line":156,"column":20}},"72":{"start":{"line":160,"column":4},"end":{"line":163,"column":7}},"73":{"start":{"line":161,"column":6},"end":{"line":161,"column":101}},"74":{"start":{"line":162,"column":6},"end":{"line":162,"column":20}},"75":{"start":{"line":165,"column":21},"end":{"line":165,"column":23}},"76":{"start":{"line":166,"column":26},"end":{"line":166,"column":28}},"77":{"start":{"line":168,"column":4},"end":{"line":173,"column":7}},"78":{"start":{"line":169,"column":28},"end":{"line":169,"column":77}},"79":{"start":{"line":170,"column":6},"end":{"line":172,"column":7}},"80":{"start":{"line":170,"column":18},"end":{"line":170,"column":19}},"81":{"start":{"line":171,"column":8},"end":{"line":171,"column":31}},"82":{"start":{"line":175,"column":4},"end":{"line":175,"column":22}},"83":{"start":{"line":179,"column":4},"end":{"line":182,"column":7}},"84":{"start":{"line":180,"column":6},"end":{"line":180,"column":55}},"85":{"start":{"line":181,"column":6},"end":{"line":181,"column":18}},"86":{"start":{"line":186,"column":24},"end":{"line":186,"column":25}},"87":{"start":{"line":187,"column":4},"end":{"line":189,"column":7}},"88":{"start":{"line":188,"column":6},"end":{"line":188,"column":37}},"89":{"start":{"line":190,"column":4},"end":{"line":190,"column":43}},"90":{"start":{"line":194,"column":21},"end":{"line":194,"column":23}},"91":{"start":{"line":195,"column":4},"end":{"line":197,"column":5}},"92":{"start":{"line":195,"column":21},"end":{"line":195,"column":22}},"93":{"start":{"line":196,"column":6},"end":{"line":196,"column":46}},"94":{"start":{"line":198,"column":4},"end":{"line":198,"column":22}},"95":{"start":{"line":201,"column":20},"end":{"line":223,"column":3}},"96":{"start":{"line":202,"column":17},"end":{"line":202,"column":19}},"97":{"start":{"line":204,"column":26},"end":{"line":204,"column":58}},"98":{"start":{"line":205,"column":25},"end":{"line":205,"column":56}},"99":{"start":{"line":207,"column":4},"end":{"line":221,"column":7}},"100":{"start":{"line":208,"column":17},"end":{"line":208,"column":19}},"101":{"start":{"line":209,"column":6},"end":{"line":220,"column":9}},"102":{"start":{"line":210,"column":8},"end":{"line":219,"column":9}},"103":{"start":{"line":211,"column":10},"end":{"line":218,"column":13}},"104":{"start":{"line":212,"column":12},"end":{"line":217,"column":13}},"105":{"start":{"line":213,"column":14},"end":{"line":213,"column":33}},"106":{"start":{"line":214,"column":14},"end":{"line":214,"column":46}},"107":{"start":{"line":215,"column":14},"end":{"line":215,"column":52}},"108":{"start":{"line":216,"column":14},"end":{"line":216,"column":32}},"109":{"start":{"line":222,"column":4},"end":{"line":222,"column":18}},"110":{"start":{"line":225,"column":18},"end":{"line":233,"column":3}},"111":{"start":{"line":226,"column":4},"end":{"line":231,"column":5}},"112":{"start":{"line":226,"column":17},"end":{"line":226,"column":33}},"113":{"start":{"line":227,"column":16},"end":{"line":227,"column":51}},"114":{"start":{"line":228,"column":19},"end":{"line":228,"column":27}},"115":{"start":{"line":229,"column":8},"end":{"line":229,"column":28}},"116":{"start":{"line":230,"column":8},"end":{"line":230,"column":24}},"117":{"start":{"line":232,"column":4},"end":{"line":232,"column":17}},"118":{"start":{"line":236,"column":0},"end":{"line":246,"column":1}},"119":{"start":{"line":238,"column":2},"end":{"line":238,"column":44}},"120":{"start":{"line":240,"column":2},"end":{"line":245,"column":4}},"121":{"start":{"line":248,"column":0},"end":{"line":248,"column":30}}},"fnMap":{"0":{"name":"(anonymous_0)","decl":{"start":{"line":4,"column":2},"end":{"line":4,"column":3}},"loc":{"start":{"line":4,"column":23},"end":{"line":24,"column":3}},"line":4},"1":{"name":"(anonymous_1)","decl":{"start":{"line":11,"column":20},"end":{"line":11,"column":21}},"loc":{"start":{"line":11,"column":31},"end":{"line":13,"column":5}},"line":11},"2":{"name":"(anonymous_2)","decl":{"start":{"line":15,"column":31},"end":{"line":15,"column":32}},"loc":{"start":{"line":15,"column":43},"end":{"line":17,"column":5}},"line":15},"3":{"name":"(anonymous_3)","decl":{"start":{"line":26,"column":2},"end":{"line":26,"column":3}},"loc":{"start":{"line":26,"column":22},"end":{"line":89,"column":3}},"line":26},"4":{"name":"(anonymous_4)","decl":{"start":{"line":57,"column":35},"end":{"line":57,"column":36}},"loc":{"start":{"line":57,"column":46},"end":{"line":57,"column":77}},"line":57},"5":{"name":"(anonymous_5)","decl":{"start":{"line":59,"column":36},"end":{"line":59,"column":37}},"loc":{"start":{"line":59,"column":48},"end":{"line":59,"column":79}},"line":59},"6":{"name":"(anonymous_6)","decl":{"start":{"line":84,"column":27},"end":{"line":84,"column":28}},"loc":{"start":{"line":84,"column":38},"end":{"line":86,"column":5}},"line":84},"7":{"name":"(anonymous_7)","decl":{"start":{"line":91,"column":2},"end":{"line":91,"column":3}},"loc":{"start":{"line":91,"column":54},"end":{"line":100,"column":3}},"line":91},"8":{"name":"(anonymous_8)","decl":{"start":{"line":92,"column":40},"end":{"line":92,"column":41}},"loc":{"start":{"line":92,"column":51},"end":{"line":98,"column":5}},"line":92},"9":{"name":"(anonymous_9)","decl":{"start":{"line":102,"column":2},"end":{"line":102,"column":3}},"loc":{"start":{"line":102,"column":49},"end":{"line":111,"column":3}},"line":102},"10":{"name":"(anonymous_10)","decl":{"start":{"line":103,"column":42},"end":{"line":103,"column":43}},"loc":{"start":{"line":103,"column":54},"end":{"line":109,"column":5}},"line":103},"11":{"name":"(anonymous_11)","decl":{"start":{"line":113,"column":2},"end":{"line":113,"column":3}},"loc":{"start":{"line":113,"column":40},"end":{"line":125,"column":3}},"line":113},"12":{"name":"(anonymous_12)","decl":{"start":{"line":114,"column":24},"end":{"line":114,"column":25}},"loc":{"start":{"line":114,"column":34},"end":{"line":120,"column":5}},"line":114},"13":{"name":"(anonymous_13)","decl":{"start":{"line":127,"column":2},"end":{"line":127,"column":3}},"loc":{"start":{"line":127,"column":43},"end":{"line":134,"column":3}},"line":127},"14":{"name":"(anonymous_14)","decl":{"start":{"line":128,"column":19},"end":{"line":128,"column":20}},"loc":{"start":{"line":128,"column":26},"end":{"line":132,"column":5}},"line":128},"15":{"name":"(anonymous_15)","decl":{"start":{"line":136,"column":2},"end":{"line":136,"column":3}},"loc":{"start":{"line":136,"column":34},"end":{"line":176,"column":3}},"line":136},"16":{"name":"(anonymous_16)","decl":{"start":{"line":145,"column":23},"end":{"line":145,"column":24}},"loc":{"start":{"line":145,"column":35},"end":{"line":147,"column":5}},"line":145},"17":{"name":"(anonymous_17)","decl":{"start":{"line":153,"column":32},"end":{"line":153,"column":33}},"loc":{"start":{"line":153,"column":44},"end":{"line":157,"column":5}},"line":153},"18":{"name":"(anonymous_18)","decl":{"start":{"line":160,"column":32},"end":{"line":160,"column":33}},"loc":{"start":{"line":160,"column":44},"end":{"line":163,"column":5}},"line":160},"19":{"name":"(anonymous_19)","decl":{"start":{"line":168,"column":23},"end":{"line":168,"column":24}},"loc":{"start":{"line":168,"column":42},"end":{"line":173,"column":5}},"line":168},"20":{"name":"(anonymous_20)","decl":{"start":{"line":178,"column":2},"end":{"line":178,"column":3}},"loc":{"start":{"line":178,"column":42},"end":{"line":183,"column":3}},"line":178},"21":{"name":"(anonymous_21)","decl":{"start":{"line":179,"column":26},"end":{"line":179,"column":27}},"loc":{"start":{"line":179,"column":36},"end":{"line":182,"column":5}},"line":179},"22":{"name":"(anonymous_22)","decl":{"start":{"line":185,"column":2},"end":{"line":185,"column":3}},"loc":{"start":{"line":185,"column":33},"end":{"line":191,"column":3}},"line":185},"23":{"name":"(anonymous_23)","decl":{"start":{"line":187,"column":19},"end":{"line":187,"column":20}},"loc":{"start":{"line":187,"column":29},"end":{"line":189,"column":5}},"line":187},"24":{"name":"(anonymous_24)","decl":{"start":{"line":193,"column":2},"end":{"line":193,"column":3}},"loc":{"start":{"line":193,"column":24},"end":{"line":199,"column":3}},"line":193},"25":{"name":"(anonymous_25)","decl":{"start":{"line":201,"column":20},"end":{"line":201,"column":21}},"loc":{"start":{"line":201,"column":26},"end":{"line":223,"column":3}},"line":201},"26":{"name":"(anonymous_26)","decl":{"start":{"line":207,"column":27},"end":{"line":207,"column":28}},"loc":{"start":{"line":207,"column":45},"end":{"line":221,"column":5}},"line":207},"27":{"name":"(anonymous_27)","decl":{"start":{"line":209,"column":27},"end":{"line":209,"column":28}},"loc":{"start":{"line":209,"column":44},"end":{"line":220,"column":7}},"line":209},"28":{"name":"(anonymous_28)","decl":{"start":{"line":211,"column":38},"end":{"line":211,"column":39}},"loc":{"start":{"line":211,"column":56},"end":{"line":218,"column":11}},"line":211},"29":{"name":"(anonymous_29)","decl":{"start":{"line":225,"column":18},"end":{"line":225,"column":19}},"loc":{"start":{"line":225,"column":29},"end":{"line":233,"column":3}},"line":225},"30":{"name":"(anonymous_30)","decl":{"start":{"line":236,"column":24},"end":{"line":236,"column":25}},"loc":{"start":{"line":236,"column":37},"end":{"line":246,"column":1}},"line":236}},"branchMap":{"0":{"loc":{"start":{"line":48,"column":6},"end":{"line":70,"column":7}},"type":"if","locations":[{"start":{"line":48,"column":6},"end":{"line":70,"column":7}},{"start":{"line":48,"column":6},"end":{"line":70,"column":7}}],"line":48},"1":{"loc":{"start":{"line":49,"column":8},"end":{"line":61,"column":9}},"type":"if","locations":[{"start":{"line":49,"column":8},"end":{"line":61,"column":9}},{"start":{"line":49,"column":8},"end":{"line":61,"column":9}}],"line":49},"2":{"loc":{"start":{"line":63,"column":8},"end":{"line":69,"column":9}},"type":"if","locations":[{"start":{"line":63,"column":8},"end":{"line":69,"column":9}},{"start":{"line":63,"column":8},"end":{"line":69,"column":9}}],"line":63},"3":{"loc":{"start":{"line":74,"column":6},"end":{"line":76,"column":7}},"type":"if","locations":[{"start":{"line":74,"column":6},"end":{"line":76,"column":7}},{"start":{"line":74,"column":6},"end":{"line":76,"column":7}}],"line":74},"4":{"loc":{"start":{"line":74,"column":9},"end":{"line":74,"column":47}},"type":"binary-expr","locations":[{"start":{"line":74,"column":9},"end":{"line":74,"column":25}},{"start":{"line":74,"column":29},"end":{"line":74,"column":47}}],"line":74},"5":{"loc":{"start":{"line":93,"column":6},"end":{"line":97,"column":7}},"type":"if","locations":[{"start":{"line":93,"column":6},"end":{"line":97,"column":7}},{"start":{"line":93,"column":6},"end":{"line":97,"column":7}}],"line":93},"6":{"loc":{"start":{"line":104,"column":6},"end":{"line":108,"column":7}},"type":"if","locations":[{"start":{"line":104,"column":6},"end":{"line":108,"column":7}},{"start":{"line":104,"column":6},"end":{"line":108,"column":7}}],"line":104},"7":{"loc":{"start":{"line":115,"column":6},"end":{"line":119,"column":7}},"type":"if","locations":[{"start":{"line":115,"column":6},"end":{"line":119,"column":7}},{"start":{"line":115,"column":6},"end":{"line":119,"column":7}}],"line":115},"8":{"loc":{"start":{"line":115,"column":9},"end":{"line":115,"column":65}},"type":"binary-expr","locations":[{"start":{"line":115,"column":9},"end":{"line":115,"column":34}},{"start":{"line":115,"column":38},"end":{"line":115,"column":65}}],"line":115},"9":{"loc":{"start":{"line":129,"column":6},"end":{"line":131,"column":7}},"type":"if","locations":[{"start":{"line":129,"column":6},"end":{"line":131,"column":7}},{"start":{"line":129,"column":6},"end":{"line":131,"column":7}}],"line":129},"10":{"loc":{"start":{"line":129,"column":9},"end":{"line":129,"column":52}},"type":"binary-expr","locations":[{"start":{"line":129,"column":9},"end":{"line":129,"column":28}},{"start":{"line":129,"column":32},"end":{"line":129,"column":52}}],"line":129},"11":{"loc":{"start":{"line":210,"column":8},"end":{"line":219,"column":9}},"type":"if","locations":[{"start":{"line":210,"column":8},"end":{"line":219,"column":9}},{"start":{"line":210,"column":8},"end":{"line":219,"column":9}}],"line":210},"12":{"loc":{"start":{"line":212,"column":12},"end":{"line":217,"column":13}},"type":"if","locations":[{"start":{"line":212,"column":12},"end":{"line":217,"column":13}},{"start":{"line":212,"column":12},"end":{"line":217,"column":13}}],"line":212}},"s":{"0":1,"1":2,"2":2,"3":2,"4":2,"5":2,"6":4,"7":2,"8":4,"9":2,"10":2,"11":2,"12":2,"13":2,"14":2,"15":2,"16":2,"17":2,"18":2,"19":2,"20":4,"21":3,"22":3,"23":3,"24":3,"25":3,"26":5,"27":3,"28":5,"29":3,"30":1,"31":1,"32":1,"33":1,"34":1,"35":1,"36":4,"37":4,"38":2,"39":2,"40":2,"41":2,"42":2,"43":2,"44":1,"45":2,"46":1,"47":1,"48":1,"49":1,"50":2,"51":1,"52":1,"53":1,"54":4,"55":7,"56":4,"57":3,"58":4,"59":4,"60":0,"61":0,"62":0,"63":0,"64":2,"65":2,"66":10,"67":2,"68":2,"69":10,"70":10,"71":10,"72":2,"73":10,"74":10,"75":2,"76":2,"77":2,"78":10,"79":10,"80":10,"81":102,"82":2,"83":2,"84":10,"85":10,"86":10,"87":10,"88":20,"89":10,"90":2,"91":2,"92":2,"93":10,"94":2,"95":2,"96":10,"97":10,"98":10,"99":10,"100":20,"101":20,"102":50,"103":20,"104":50,"105":20,"106":20,"107":20,"108":20,"109":10,"110":2,"111":20,"112":20,"113":20,"114":20,"115":20,"116":20,"117":20,"118":1,"119":2,"120":2,"121":1},"f":{"0":2,"1":4,"2":4,"3":2,"4":5,"5":5,"6":0,"7":1,"8":2,"9":1,"10":2,"11":4,"12":7,"13":0,"14":0,"15":2,"16":10,"17":10,"18":10,"19":10,"20":2,"21":10,"22":10,"23":20,"24":2,"25":10,"26":20,"27":50,"28":50,"29":20,"30":2},"b":{"0":[3,1],"1":[3,0],"2":[1,0],"3":[2,2],"4":[4,2],"5":[1,1],"6":[1,1],"7":[4,3],"8":[7,3],"9":[0,0],"10":[0,0],"11":[20,30],"12":[20,30]},"_coverageSchema":"1a1c01bbd47fc00a2c39e90264f33305004495a9","hash":"bb3bb8d07ca622d5055032f6b392c8d781225d72"}
,"/Users/tanil/Desktop/RubyProjects/Portfolio/week11-12/charity-apr2020/controllers/pairs/averagePairs.js": {"path":"/Users/tanil/Desktop/RubyProjects/Portfolio/week11-12/charity-apr2020/controllers/pairs/averagePairs.js","statementMap":{"0":{"start":{"line":1,"column":10},"end":{"line":1,"column":27}},"1":{"start":{"line":2,"column":19},"end":{"line":2,"column":21}},"2":{"start":{"line":5,"column":0},"end":{"line":101,"column":1}},"3":{"start":{"line":6,"column":2},"end":{"line":6,"column":20}},"4":{"start":{"line":7,"column":2},"end":{"line":7,"column":19}},"5":{"start":{"line":9,"column":2},"end":{"line":11,"column":5}},"6":{"start":{"line":10,"column":4},"end":{"line":10,"column":33}},"7":{"start":{"line":13,"column":2},"end":{"line":15,"column":5}},"8":{"start":{"line":14,"column":4},"end":{"line":14,"column":35}},"9":{"start":{"line":17,"column":17},"end":{"line":17,"column":19}},"10":{"start":{"line":25,"column":2},"end":{"line":56,"column":3}},"11":{"start":{"line":25,"column":14},"end":{"line":25,"column":15}},"12":{"start":{"line":28,"column":4},"end":{"line":28,"column":38}},"13":{"start":{"line":30,"column":4},"end":{"line":51,"column":5}},"14":{"start":{"line":30,"column":16},"end":{"line":30,"column":17}},"15":{"start":{"line":31,"column":20},"end":{"line":33,"column":7}},"16":{"start":{"line":36,"column":6},"end":{"line":42,"column":9}},"17":{"start":{"line":37,"column":19},"end":{"line":40,"column":9}},"18":{"start":{"line":41,"column":8},"end":{"line":41,"column":33}},"19":{"start":{"line":45,"column":6},"end":{"line":45,"column":29}},"20":{"start":{"line":47,"column":22},"end":{"line":47,"column":40}},"21":{"start":{"line":48,"column":22},"end":{"line":48,"column":38}},"22":{"start":{"line":49,"column":6},"end":{"line":49,"column":36}},"23":{"start":{"line":50,"column":6},"end":{"line":50,"column":36}},"24":{"start":{"line":53,"column":21},"end":{"line":53,"column":39}},"25":{"start":{"line":54,"column":4},"end":{"line":54,"column":37}},"26":{"start":{"line":59,"column":2},"end":{"line":73,"column":5}},"27":{"start":{"line":60,"column":4},"end":{"line":72,"column":7}},"28":{"start":{"line":61,"column":6},"end":{"line":71,"column":9}},"29":{"start":{"line":62,"column":8},"end":{"line":70,"column":9}},"30":{"start":{"line":63,"column":10},"end":{"line":69,"column":13}},"31":{"start":{"line":64,"column":12},"end":{"line":68,"column":13}},"32":{"start":{"line":65,"column":14},"end":{"line":65,"column":46}},"33":{"start":{"line":66,"column":14},"end":{"line":66,"column":40}},"34":{"start":{"line":67,"column":14},"end":{"line":67,"column":21}},"35":{"start":{"line":76,"column":2},"end":{"line":82,"column":5}},"36":{"start":{"line":77,"column":29},"end":{"line":77,"column":30}},"37":{"start":{"line":78,"column":4},"end":{"line":80,"column":7}},"38":{"start":{"line":79,"column":6},"end":{"line":79,"column":42}},"39":{"start":{"line":81,"column":4},"end":{"line":81,"column":70}},"40":{"start":{"line":85,"column":20},"end":{"line":88,"column":3}},"41":{"start":{"line":89,"column":2},"end":{"line":93,"column":5}},"42":{"start":{"line":90,"column":4},"end":{"line":92,"column":5}},"43":{"start":{"line":91,"column":6},"end":{"line":91,"column":28}},"44":{"start":{"line":96,"column":2},"end":{"line":98,"column":4}},"45":{"start":{"line":97,"column":4},"end":{"line":97,"column":22}},"46":{"start":{"line":99,"column":2},"end":{"line":99,"column":27}},"47":{"start":{"line":103,"column":0},"end":{"line":103,"column":30}}},"fnMap":{"0":{"name":"(anonymous_0)","decl":{"start":{"line":5,"column":24},"end":{"line":5,"column":25}},"loc":{"start":{"line":5,"column":37},"end":{"line":101,"column":1}},"line":5},"1":{"name":"(anonymous_1)","decl":{"start":{"line":9,"column":18},"end":{"line":9,"column":19}},"loc":{"start":{"line":9,"column":29},"end":{"line":11,"column":3}},"line":9},"2":{"name":"(anonymous_2)","decl":{"start":{"line":13,"column":29},"end":{"line":13,"column":30}},"loc":{"start":{"line":13,"column":41},"end":{"line":15,"column":3}},"line":13},"3":{"name":"(anonymous_3)","decl":{"start":{"line":36,"column":25},"end":{"line":36,"column":26}},"loc":{"start":{"line":36,"column":43},"end":{"line":42,"column":7}},"line":36},"4":{"name":"(anonymous_4)","decl":{"start":{"line":59,"column":19},"end":{"line":59,"column":20}},"loc":{"start":{"line":59,"column":32},"end":{"line":73,"column":3}},"line":59},"5":{"name":"(anonymous_5)","decl":{"start":{"line":60,"column":26},"end":{"line":60,"column":27}},"loc":{"start":{"line":60,"column":36},"end":{"line":72,"column":5}},"line":60},"6":{"name":"(anonymous_6)","decl":{"start":{"line":61,"column":22},"end":{"line":61,"column":23}},"loc":{"start":{"line":61,"column":33},"end":{"line":71,"column":7}},"line":61},"7":{"name":"(anonymous_7)","decl":{"start":{"line":63,"column":32},"end":{"line":63,"column":33}},"loc":{"start":{"line":63,"column":44},"end":{"line":69,"column":11}},"line":63},"8":{"name":"(anonymous_8)","decl":{"start":{"line":76,"column":19},"end":{"line":76,"column":20}},"loc":{"start":{"line":76,"column":32},"end":{"line":82,"column":3}},"line":76},"9":{"name":"(anonymous_9)","decl":{"start":{"line":78,"column":26},"end":{"line":78,"column":27}},"loc":{"start":{"line":78,"column":36},"end":{"line":80,"column":5}},"line":78},"10":{"name":"(anonymous_10)","decl":{"start":{"line":89,"column":19},"end":{"line":89,"column":20}},"loc":{"start":{"line":89,"column":32},"end":{"line":93,"column":3}},"line":89},"11":{"name":"(anonymous_11)","decl":{"start":{"line":96,"column":28},"end":{"line":96,"column":29}},"loc":{"start":{"line":96,"column":45},"end":{"line":98,"column":3}},"line":96}},"branchMap":{"0":{"loc":{"start":{"line":62,"column":8},"end":{"line":70,"column":9}},"type":"if","locations":[{"start":{"line":62,"column":8},"end":{"line":70,"column":9}},{"start":{"line":62,"column":8},"end":{"line":70,"column":9}}],"line":62},"1":{"loc":{"start":{"line":64,"column":12},"end":{"line":68,"column":13}},"type":"if","locations":[{"start":{"line":64,"column":12},"end":{"line":68,"column":13}},{"start":{"line":64,"column":12},"end":{"line":68,"column":13}}],"line":64},"2":{"loc":{"start":{"line":90,"column":4},"end":{"line":92,"column":5}},"type":"if","locations":[{"start":{"line":90,"column":4},"end":{"line":92,"column":5}},{"start":{"line":90,"column":4},"end":{"line":92,"column":5}}],"line":90}},"s":{"0":1,"1":1,"2":1,"3":1,"4":1,"5":1,"6":3,"7":1,"8":3,"9":1,"10":1,"11":1,"12":3,"13":3,"14":3,"15":6,"16":6,"17":18,"18":18,"19":6,"20":6,"21":6,"22":6,"23":6,"24":3,"25":3,"26":1,"27":6,"28":18,"29":54,"30":18,"31":54,"32":18,"33":18,"34":18,"35":1,"36":6,"37":6,"38":18,"39":6,"40":1,"41":1,"42":6,"43":3,"44":1,"45":3,"46":1,"47":1},"f":{"0":1,"1":3,"2":3,"3":18,"4":6,"5":18,"6":54,"7":54,"8":6,"9":18,"10":6,"11":3},"b":{"0":[18,36],"1":[18,36],"2":[3,3]},"_coverageSchema":"1a1c01bbd47fc00a2c39e90264f33305004495a9","hash":"306d864f6e9ceca16905c960fd253c8bc601bd50"}
,"/Users/tanil/Desktop/RubyProjects/Portfolio/week11-12/charity-apr2020/controllers/pairs/pairingGenome.js": {"path":"/Users/tanil/Desktop/RubyProjects/Portfolio/week11-12/charity-apr2020/controllers/pairs/pairingGenome.js","statementMap":{"0":{"start":{"line":1,"column":8},"end":{"line":1,"column":25}},"1":{"start":{"line":5,"column":4},"end":{"line":5,"column":20}},"2":{"start":{"line":6,"column":4},"end":{"line":6,"column":29}},"3":{"start":{"line":15,"column":26},"end":{"line":15,"column":80}},"4":{"start":{"line":16,"column":25},"end":{"line":16,"column":78}},"5":{"start":{"line":18,"column":4},"end":{"line":18,"column":58}},"6":{"start":{"line":19,"column":4},"end":{"line":19,"column":56}},"7":{"start":{"line":21,"column":4},"end":{"line":26,"column":7}},"8":{"start":{"line":22,"column":6},"end":{"line":25,"column":9}},"9":{"start":{"line":28,"column":4},"end":{"line":31,"column":6}},"10":{"start":{"line":29,"column":6},"end":{"line":29,"column":42}},"11":{"start":{"line":30,"column":6},"end":{"line":30,"column":28}},"12":{"start":{"line":39,"column":4},"end":{"line":41,"column":7}},"13":{"start":{"line":40,"column":6},"end":{"line":40,"column":82}},"14":{"start":{"line":53,"column":26},"end":{"line":53,"column":80}},"15":{"start":{"line":54,"column":25},"end":{"line":54,"column":78}},"16":{"start":{"line":56,"column":16},"end":{"line":56,"column":35}},"17":{"start":{"line":57,"column":15},"end":{"line":57,"column":19}},"18":{"start":{"line":59,"column":4},"end":{"line":92,"column":5}},"19":{"start":{"line":60,"column":6},"end":{"line":86,"column":7}},"20":{"start":{"line":61,"column":8},"end":{"line":76,"column":9}},"21":{"start":{"line":64,"column":21},"end":{"line":64,"column":39}},"22":{"start":{"line":67,"column":10},"end":{"line":67,"column":33}},"23":{"start":{"line":69,"column":10},"end":{"line":69,"column":35}},"24":{"start":{"line":71,"column":10},"end":{"line":71,"column":79}},"25":{"start":{"line":71,"column":48},"end":{"line":71,"column":75}},"26":{"start":{"line":73,"column":10},"end":{"line":73,"column":81}},"27":{"start":{"line":73,"column":50},"end":{"line":73,"column":78}},"28":{"start":{"line":75,"column":10},"end":{"line":75,"column":34}},"29":{"start":{"line":78,"column":8},"end":{"line":85,"column":9}},"30":{"start":{"line":79,"column":21},"end":{"line":79,"column":39}},"31":{"start":{"line":80,"column":10},"end":{"line":80,"column":33}},"32":{"start":{"line":81,"column":10},"end":{"line":81,"column":35}},"33":{"start":{"line":82,"column":10},"end":{"line":82,"column":79}},"34":{"start":{"line":82,"column":48},"end":{"line":82,"column":75}},"35":{"start":{"line":83,"column":10},"end":{"line":83,"column":81}},"36":{"start":{"line":83,"column":50},"end":{"line":83,"column":78}},"37":{"start":{"line":84,"column":10},"end":{"line":84,"column":34}},"38":{"start":{"line":88,"column":6},"end":{"line":88,"column":19}},"39":{"start":{"line":89,"column":6},"end":{"line":91,"column":7}},"40":{"start":{"line":90,"column":8},"end":{"line":90,"column":14}},"41":{"start":{"line":94,"column":4},"end":{"line":98,"column":7}},"42":{"start":{"line":95,"column":25},"end":{"line":95,"column":72}},"43":{"start":{"line":96,"column":6},"end":{"line":96,"column":55}},"44":{"start":{"line":97,"column":6},"end":{"line":97,"column":37}},"45":{"start":{"line":100,"column":4},"end":{"line":100,"column":17}},"46":{"start":{"line":107,"column":4},"end":{"line":117,"column":7}},"47":{"start":{"line":108,"column":6},"end":{"line":116,"column":7}},"48":{"start":{"line":109,"column":8},"end":{"line":115,"column":11}},"49":{"start":{"line":110,"column":10},"end":{"line":114,"column":11}},"50":{"start":{"line":111,"column":12},"end":{"line":111,"column":54}},"51":{"start":{"line":112,"column":12},"end":{"line":112,"column":48}},"52":{"start":{"line":113,"column":12},"end":{"line":113,"column":19}},"53":{"start":{"line":118,"column":4},"end":{"line":118,"column":26}},"54":{"start":{"line":126,"column":24},"end":{"line":126,"column":25}},"55":{"start":{"line":127,"column":4},"end":{"line":129,"column":7}},"56":{"start":{"line":128,"column":6},"end":{"line":128,"column":37}},"57":{"start":{"line":130,"column":4},"end":{"line":130,"column":55}},"58":{"start":{"line":134,"column":16},"end":{"line":134,"column":73}},"59":{"start":{"line":135,"column":16},"end":{"line":135,"column":73}},"60":{"start":{"line":137,"column":4},"end":{"line":145,"column":5}},"61":{"start":{"line":138,"column":20},"end":{"line":138,"column":32}},"62":{"start":{"line":139,"column":6},"end":{"line":139,"column":34}},"63":{"start":{"line":140,"column":6},"end":{"line":140,"column":29}},"64":{"start":{"line":142,"column":19},"end":{"line":142,"column":30}},"65":{"start":{"line":143,"column":6},"end":{"line":143,"column":32}},"66":{"start":{"line":144,"column":6},"end":{"line":144,"column":27}},"67":{"start":{"line":149,"column":4},"end":{"line":154,"column":5}},"68":{"start":{"line":149,"column":17},"end":{"line":149,"column":33}},"69":{"start":{"line":150,"column":16},"end":{"line":150,"column":51}},"70":{"start":{"line":151,"column":19},"end":{"line":151,"column":27}},"71":{"start":{"line":152,"column":8},"end":{"line":152,"column":28}},"72":{"start":{"line":153,"column":8},"end":{"line":153,"column":24}},"73":{"start":{"line":155,"column":4},"end":{"line":155,"column":17}},"74":{"start":{"line":159,"column":0},"end":{"line":159,"column":31}}},"fnMap":{"0":{"name":"(anonymous_0)","decl":{"start":{"line":4,"column":2},"end":{"line":4,"column":3}},"loc":{"start":{"line":4,"column":16},"end":{"line":7,"column":3}},"line":4},"1":{"name":"(anonymous_1)","decl":{"start":{"line":13,"column":2},"end":{"line":13,"column":3}},"loc":{"start":{"line":13,"column":18},"end":{"line":32,"column":3}},"line":13},"2":{"name":"(anonymous_2)","decl":{"start":{"line":21,"column":27},"end":{"line":21,"column":28}},"loc":{"start":{"line":21,"column":45},"end":{"line":26,"column":5}},"line":21},"3":{"name":"(anonymous_3)","decl":{"start":{"line":28,"column":32},"end":{"line":28,"column":33}},"loc":{"start":{"line":28,"column":52},"end":{"line":31,"column":5}},"line":28},"4":{"name":"(anonymous_4)","decl":{"start":{"line":38,"column":2},"end":{"line":38,"column":3}},"loc":{"start":{"line":38,"column":28},"end":{"line":42,"column":3}},"line":38},"5":{"name":"(anonymous_5)","decl":{"start":{"line":39,"column":25},"end":{"line":39,"column":26}},"loc":{"start":{"line":39,"column":35},"end":{"line":41,"column":5}},"line":39},"6":{"name":"(anonymous_6)","decl":{"start":{"line":52,"column":2},"end":{"line":52,"column":3}},"loc":{"start":{"line":52,"column":17},"end":{"line":101,"column":3}},"line":52},"7":{"name":"(anonymous_7)","decl":{"start":{"line":71,"column":35},"end":{"line":71,"column":36}},"loc":{"start":{"line":71,"column":46},"end":{"line":71,"column":77}},"line":71},"8":{"name":"(anonymous_8)","decl":{"start":{"line":73,"column":36},"end":{"line":73,"column":37}},"loc":{"start":{"line":73,"column":48},"end":{"line":73,"column":79}},"line":73},"9":{"name":"(anonymous_9)","decl":{"start":{"line":82,"column":35},"end":{"line":82,"column":36}},"loc":{"start":{"line":82,"column":46},"end":{"line":82,"column":77}},"line":82},"10":{"name":"(anonymous_10)","decl":{"start":{"line":83,"column":36},"end":{"line":83,"column":37}},"loc":{"start":{"line":83,"column":48},"end":{"line":83,"column":79}},"line":83},"11":{"name":"(anonymous_11)","decl":{"start":{"line":94,"column":27},"end":{"line":94,"column":28}},"loc":{"start":{"line":94,"column":45},"end":{"line":98,"column":5}},"line":94},"12":{"name":"(anonymous_12)","decl":{"start":{"line":106,"column":2},"end":{"line":106,"column":3}},"loc":{"start":{"line":106,"column":33},"end":{"line":119,"column":3}},"line":106},"13":{"name":"(anonymous_13)","decl":{"start":{"line":107,"column":34},"end":{"line":107,"column":35}},"loc":{"start":{"line":107,"column":45},"end":{"line":117,"column":5}},"line":107},"14":{"name":"(anonymous_14)","decl":{"start":{"line":109,"column":30},"end":{"line":109,"column":31}},"loc":{"start":{"line":109,"column":42},"end":{"line":115,"column":9}},"line":109},"15":{"name":"(anonymous_15)","decl":{"start":{"line":125,"column":2},"end":{"line":125,"column":3}},"loc":{"start":{"line":125,"column":21},"end":{"line":131,"column":3}},"line":125},"16":{"name":"(anonymous_16)","decl":{"start":{"line":127,"column":23},"end":{"line":127,"column":24}},"loc":{"start":{"line":127,"column":33},"end":{"line":129,"column":5}},"line":127},"17":{"name":"(anonymous_17)","decl":{"start":{"line":133,"column":2},"end":{"line":133,"column":3}},"loc":{"start":{"line":133,"column":11},"end":{"line":146,"column":3}},"line":133},"18":{"name":"(anonymous_18)","decl":{"start":{"line":148,"column":2},"end":{"line":148,"column":3}},"loc":{"start":{"line":148,"column":23},"end":{"line":156,"column":3}},"line":148}},"branchMap":{"0":{"loc":{"start":{"line":40,"column":13},"end":{"line":40,"column":81}},"type":"binary-expr","locations":[{"start":{"line":40,"column":13},"end":{"line":40,"column":44}},{"start":{"line":40,"column":48},"end":{"line":40,"column":81}}],"line":40},"1":{"loc":{"start":{"line":60,"column":6},"end":{"line":86,"column":7}},"type":"if","locations":[{"start":{"line":60,"column":6},"end":{"line":86,"column":7}},{"start":{"line":60,"column":6},"end":{"line":86,"column":7}}],"line":60},"2":{"loc":{"start":{"line":61,"column":8},"end":{"line":76,"column":9}},"type":"if","locations":[{"start":{"line":61,"column":8},"end":{"line":76,"column":9}},{"start":{"line":61,"column":8},"end":{"line":76,"column":9}}],"line":61},"3":{"loc":{"start":{"line":78,"column":8},"end":{"line":85,"column":9}},"type":"if","locations":[{"start":{"line":78,"column":8},"end":{"line":85,"column":9}},{"start":{"line":78,"column":8},"end":{"line":85,"column":9}}],"line":78},"4":{"loc":{"start":{"line":89,"column":6},"end":{"line":91,"column":7}},"type":"if","locations":[{"start":{"line":89,"column":6},"end":{"line":91,"column":7}},{"start":{"line":89,"column":6},"end":{"line":91,"column":7}}],"line":89},"5":{"loc":{"start":{"line":89,"column":9},"end":{"line":89,"column":57}},"type":"binary-expr","locations":[{"start":{"line":89,"column":9},"end":{"line":89,"column":31}},{"start":{"line":89,"column":35},"end":{"line":89,"column":57}}],"line":89},"6":{"loc":{"start":{"line":108,"column":6},"end":{"line":116,"column":7}},"type":"if","locations":[{"start":{"line":108,"column":6},"end":{"line":116,"column":7}},{"start":{"line":108,"column":6},"end":{"line":116,"column":7}}],"line":108},"7":{"loc":{"start":{"line":110,"column":10},"end":{"line":114,"column":11}},"type":"if","locations":[{"start":{"line":110,"column":10},"end":{"line":114,"column":11}},{"start":{"line":110,"column":10},"end":{"line":114,"column":11}}],"line":110},"8":{"loc":{"start":{"line":137,"column":4},"end":{"line":145,"column":5}},"type":"if","locations":[{"start":{"line":137,"column":4},"end":{"line":145,"column":5}},{"start":{"line":137,"column":4},"end":{"line":145,"column":5}}],"line":137}},"s":{"0":2,"1":50536,"2":50536,"3":506,"4":506,"5":506,"6":506,"7":506,"8":1512,"9":506,"10":1512,"11":1512,"12":92822,"13":73957,"14":50003,"15":50003,"16":50003,"17":50003,"18":50003,"19":158403,"20":99417,"21":52420,"22":52420,"23":52420,"24":52420,"25":105113,"26":52420,"27":105114,"28":52420,"29":58986,"30":40398,"31":40398,"32":40398,"33":40398,"34":80694,"35":40398,"36":80696,"37":40398,"38":158403,"39":158403,"40":50003,"41":50003,"42":57192,"43":57192,"44":57192,"45":50003,"46":58705,"47":176102,"48":58705,"49":176102,"50":58705,"51":58705,"52":58705,"53":58705,"54":50511,"55":50511,"56":151533,"57":50511,"58":0,"59":0,"60":0,"61":0,"62":0,"63":0,"64":0,"65":0,"66":0,"67":1012,"68":1012,"69":2012,"70":2012,"71":2012,"72":2012,"73":1012,"74":2},"f":{"0":50536,"1":506,"2":1512,"3":1512,"4":92822,"5":73957,"6":50003,"7":105113,"8":105114,"9":80694,"10":80696,"11":57192,"12":58705,"13":176102,"14":176102,"15":50511,"16":151533,"17":0,"18":1012},"b":{"0":[73957,37180],"1":[99417,58986],"2":[52420,46997],"3":[40398,18588],"4":[50003,108400],"5":[158403,96688],"6":[58705,117397],"7":[58705,117397],"8":[0,0]},"_coverageSchema":"1a1c01bbd47fc00a2c39e90264f33305004495a9","hash":"6883d59fb768358e0e386d3f7b78caf21327f34c"}
,"/Users/tanil/Desktop/RubyProjects/Portfolio/week11-12/charity-apr2020/controllers/pairs/pairingPopulation.js": {"path":"/Users/tanil/Desktop/RubyProjects/Portfolio/week11-12/charity-apr2020/controllers/pairs/pairingPopulation.js","statementMap":{"0":{"start":{"line":1,"column":22},"end":{"line":1,"column":48}},"1":{"start":{"line":5,"column":4},"end":{"line":5,"column":39}},"2":{"start":{"line":6,"column":4},"end":{"line":6,"column":33}},"3":{"start":{"line":7,"column":4},"end":{"line":7,"column":53}},"4":{"start":{"line":8,"column":4},"end":{"line":8,"column":49}},"5":{"start":{"line":9,"column":4},"end":{"line":9,"column":22}},"6":{"start":{"line":10,"column":4},"end":{"line":10,"column":25}},"7":{"start":{"line":12,"column":4},"end":{"line":15,"column":5}},"8":{"start":{"line":17,"column":4},"end":{"line":19,"column":7}},"9":{"start":{"line":18,"column":6},"end":{"line":18,"column":68}},"10":{"start":{"line":21,"column":4},"end":{"line":23,"column":7}},"11":{"start":{"line":22,"column":6},"end":{"line":22,"column":70}},"12":{"start":{"line":25,"column":4},"end":{"line":25,"column":41}},"13":{"start":{"line":29,"column":4},"end":{"line":33,"column":5}},"14":{"start":{"line":29,"column":21},"end":{"line":29,"column":22}},"15":{"start":{"line":30,"column":22},"end":{"line":30,"column":41}},"16":{"start":{"line":31,"column":6},"end":{"line":31,"column":32}},"17":{"start":{"line":32,"column":6},"end":{"line":32,"column":35}},"18":{"start":{"line":40,"column":4},"end":{"line":42,"column":7}},"19":{"start":{"line":41,"column":6},"end":{"line":41,"column":32}},"20":{"start":{"line":53,"column":28},"end":{"line":53,"column":29}},"21":{"start":{"line":54,"column":4},"end":{"line":56,"column":7}},"22":{"start":{"line":55,"column":6},"end":{"line":55,"column":42}},"23":{"start":{"line":61,"column":42},"end":{"line":61,"column":43}},"24":{"start":{"line":62,"column":4},"end":{"line":66,"column":7}},"25":{"start":{"line":63,"column":6},"end":{"line":63,"column":71}},"26":{"start":{"line":64,"column":6},"end":{"line":64,"column":70}},"27":{"start":{"line":65,"column":6},"end":{"line":65,"column":20}},"28":{"start":{"line":69,"column":4},"end":{"line":72,"column":7}},"29":{"start":{"line":70,"column":6},"end":{"line":70,"column":101}},"30":{"start":{"line":71,"column":6},"end":{"line":71,"column":20}},"31":{"start":{"line":74,"column":4},"end":{"line":74,"column":25}},"32":{"start":{"line":76,"column":4},"end":{"line":81,"column":7}},"33":{"start":{"line":77,"column":28},"end":{"line":77,"column":81}},"34":{"start":{"line":78,"column":6},"end":{"line":80,"column":7}},"35":{"start":{"line":78,"column":18},"end":{"line":78,"column":19}},"36":{"start":{"line":79,"column":8},"end":{"line":79,"column":36}},"37":{"start":{"line":86,"column":25},"end":{"line":86,"column":27}},"38":{"start":{"line":87,"column":4},"end":{"line":94,"column":5}},"39":{"start":{"line":87,"column":16},"end":{"line":87,"column":17}},"40":{"start":{"line":89,"column":17},"end":{"line":89,"column":78}},"41":{"start":{"line":90,"column":19},"end":{"line":90,"column":80}},"42":{"start":{"line":91,"column":18},"end":{"line":91,"column":39}},"43":{"start":{"line":93,"column":6},"end":{"line":93,"column":33}},"44":{"start":{"line":95,"column":4},"end":{"line":95,"column":34}},"45":{"start":{"line":99,"column":21},"end":{"line":99,"column":40}},"46":{"start":{"line":100,"column":4},"end":{"line":104,"column":7}},"47":{"start":{"line":101,"column":6},"end":{"line":103,"column":7}},"48":{"start":{"line":102,"column":8},"end":{"line":102,"column":28}},"49":{"start":{"line":105,"column":4},"end":{"line":105,"column":22}},"50":{"start":{"line":109,"column":4},"end":{"line":113,"column":6}},"51":{"start":{"line":110,"column":6},"end":{"line":112,"column":7}},"52":{"start":{"line":111,"column":8},"end":{"line":111,"column":24}},"53":{"start":{"line":117,"column":0},"end":{"line":135,"column":1}},"54":{"start":{"line":119,"column":2},"end":{"line":119,"column":109}},"55":{"start":{"line":120,"column":2},"end":{"line":120,"column":34}},"56":{"start":{"line":122,"column":2},"end":{"line":127,"column":3}},"57":{"start":{"line":122,"column":14},"end":{"line":122,"column":15}},"58":{"start":{"line":123,"column":4},"end":{"line":123,"column":44}},"59":{"start":{"line":124,"column":4},"end":{"line":124,"column":36}},"60":{"start":{"line":125,"column":4},"end":{"line":125,"column":30}},"61":{"start":{"line":126,"column":4},"end":{"line":126,"column":33}},"62":{"start":{"line":128,"column":2},"end":{"line":128,"column":42}},"63":{"start":{"line":129,"column":21},"end":{"line":129,"column":54}},"64":{"start":{"line":130,"column":2},"end":{"line":132,"column":4}},"65":{"start":{"line":131,"column":4},"end":{"line":131,"column":20}},"66":{"start":{"line":133,"column":2},"end":{"line":133,"column":22}},"67":{"start":{"line":137,"column":0},"end":{"line":137,"column":35}}},"fnMap":{"0":{"name":"(anonymous_0)","decl":{"start":{"line":4,"column":2},"end":{"line":4,"column":3}},"loc":{"start":{"line":4,"column":27},"end":{"line":26,"column":3}},"line":4},"1":{"name":"(anonymous_1)","decl":{"start":{"line":17,"column":25},"end":{"line":17,"column":26}},"loc":{"start":{"line":17,"column":36},"end":{"line":19,"column":5}},"line":17},"2":{"name":"(anonymous_2)","decl":{"start":{"line":21,"column":36},"end":{"line":21,"column":37}},"loc":{"start":{"line":21,"column":48},"end":{"line":23,"column":5}},"line":21},"3":{"name":"(anonymous_3)","decl":{"start":{"line":28,"column":2},"end":{"line":28,"column":3}},"loc":{"start":{"line":28,"column":23},"end":{"line":34,"column":3}},"line":28},"4":{"name":"(anonymous_4)","decl":{"start":{"line":39,"column":2},"end":{"line":39,"column":3}},"loc":{"start":{"line":39,"column":31},"end":{"line":43,"column":3}},"line":39},"5":{"name":"(anonymous_5)","decl":{"start":{"line":40,"column":25},"end":{"line":40,"column":26}},"loc":{"start":{"line":40,"column":37},"end":{"line":42,"column":5}},"line":40},"6":{"name":"(anonymous_6)","decl":{"start":{"line":45,"column":2},"end":{"line":45,"column":3}},"loc":{"start":{"line":45,"column":23},"end":{"line":82,"column":3}},"line":45},"7":{"name":"(anonymous_7)","decl":{"start":{"line":54,"column":25},"end":{"line":54,"column":26}},"loc":{"start":{"line":54,"column":37},"end":{"line":56,"column":5}},"line":54},"8":{"name":"(anonymous_8)","decl":{"start":{"line":62,"column":36},"end":{"line":62,"column":37}},"loc":{"start":{"line":62,"column":48},"end":{"line":66,"column":5}},"line":62},"9":{"name":"(anonymous_9)","decl":{"start":{"line":69,"column":36},"end":{"line":69,"column":37}},"loc":{"start":{"line":69,"column":48},"end":{"line":72,"column":5}},"line":69},"10":{"name":"(anonymous_10)","decl":{"start":{"line":76,"column":25},"end":{"line":76,"column":26}},"loc":{"start":{"line":76,"column":44},"end":{"line":81,"column":5}},"line":76},"11":{"name":"(anonymous_11)","decl":{"start":{"line":85,"column":2},"end":{"line":85,"column":3}},"loc":{"start":{"line":85,"column":17},"end":{"line":96,"column":3}},"line":85},"12":{"name":"(anonymous_12)","decl":{"start":{"line":98,"column":2},"end":{"line":98,"column":3}},"loc":{"start":{"line":98,"column":19},"end":{"line":106,"column":3}},"line":98},"13":{"name":"(anonymous_13)","decl":{"start":{"line":100,"column":25},"end":{"line":100,"column":26}},"loc":{"start":{"line":100,"column":37},"end":{"line":104,"column":5}},"line":100},"14":{"name":"(anonymous_14)","decl":{"start":{"line":108,"column":2},"end":{"line":108,"column":3}},"loc":{"start":{"line":108,"column":20},"end":{"line":114,"column":3}},"line":108},"15":{"name":"(anonymous_15)","decl":{"start":{"line":109,"column":25},"end":{"line":109,"column":26}},"loc":{"start":{"line":109,"column":37},"end":{"line":113,"column":5}},"line":109},"16":{"name":"(anonymous_16)","decl":{"start":{"line":117,"column":29},"end":{"line":117,"column":30}},"loc":{"start":{"line":117,"column":42},"end":{"line":135,"column":1}},"line":117},"17":{"name":"(anonymous_17)","decl":{"start":{"line":130,"column":23},"end":{"line":130,"column":24}},"loc":{"start":{"line":130,"column":40},"end":{"line":132,"column":3}},"line":130}},"branchMap":{"0":{"loc":{"start":{"line":101,"column":6},"end":{"line":103,"column":7}},"type":"if","locations":[{"start":{"line":101,"column":6},"end":{"line":103,"column":7}},{"start":{"line":101,"column":6},"end":{"line":103,"column":7}}],"line":101},"1":{"loc":{"start":{"line":110,"column":6},"end":{"line":112,"column":7}},"type":"if","locations":[{"start":{"line":110,"column":6},"end":{"line":112,"column":7}},{"start":{"line":110,"column":6},"end":{"line":112,"column":7}}],"line":110}},"s":{"0":1,"1":6,"2":6,"3":6,"4":6,"5":6,"6":6,"7":6,"8":6,"9":9,"10":6,"11":9,"12":6,"13":2,"14":2,"15":505,"16":505,"17":505,"18":102,"19":50510,"20":101,"21":101,"22":50002,"23":101,"24":101,"25":50002,"26":50002,"27":50002,"28":101,"29":50002,"30":50002,"31":101,"32":101,"33":50002,"34":50002,"35":50002,"36":50015,"37":100,"38":100,"39":100,"40":50000,"41":50000,"42":50000,"43":50000,"44":100,"45":1,"46":1,"47":500,"48":1,"49":1,"50":100,"51":50000,"52":0,"53":1,"54":1,"55":1,"56":1,"57":1,"58":100,"59":100,"60":100,"61":100,"62":1,"63":1,"64":1,"65":3,"66":1,"67":1},"f":{"0":6,"1":9,"2":9,"3":2,"4":102,"5":50510,"6":101,"7":50002,"8":50002,"9":50002,"10":50002,"11":100,"12":1,"13":500,"14":100,"15":50000,"16":1,"17":3},"b":{"0":[1,499],"1":[0,50000]},"_coverageSchema":"1a1c01bbd47fc00a2c39e90264f33305004495a9","hash":"135eb520eeb86b9d563f5e1ba2da062e8b698bc9"}
,"/Users/tanil/Desktop/RubyProjects/Portfolio/week11-12/charity-apr2020/models/admin.js": {"path":"/Users/tanil/Desktop/RubyProjects/Portfolio/week11-12/charity-apr2020/models/admin.js","statementMap":{"0":{"start":{"line":1,"column":15},"end":{"line":1,"column":34}},"1":{"start":{"line":3,"column":18},"end":{"line":12,"column":2}},"2":{"start":{"line":14,"column":12},"end":{"line":14,"column":48}},"3":{"start":{"line":16,"column":0},"end":{"line":16,"column":23}}},"fnMap":{},"branchMap":{},"s":{"0":1,"1":1,"2":1,"3":1},"f":{},"b":{},"_coverageSchema":"1a1c01bbd47fc00a2c39e90264f33305004495a9","hash":"572836ea9e6207cd1adab52047aae0aefef504b8"}
,"/Users/tanil/Desktop/RubyProjects/Portfolio/week11-12/charity-apr2020/models/member.js": {"path":"/Users/tanil/Desktop/RubyProjects/Portfolio/week11-12/charity-apr2020/models/member.js","statementMap":{"0":{"start":{"line":1,"column":15},"end":{"line":1,"column":34}},"1":{"start":{"line":3,"column":19},"end":{"line":14,"column":1}},"2":{"start":{"line":16,"column":13},"end":{"line":16,"column":51}},"3":{"start":{"line":18,"column":0},"end":{"line":18,"column":24}}},"fnMap":{},"branchMap":{},"s":{"0":1,"1":1,"2":1,"3":1},"f":{},"b":{},"_coverageSchema":"1a1c01bbd47fc00a2c39e90264f33305004495a9","hash":"c1924df02f179beebfbf38f601b02d9008a4978f"}
,"/Users/tanil/Desktop/RubyProjects/Portfolio/week11-12/charity-apr2020/routes/index.js": {"path":"/Users/tanil/Desktop/RubyProjects/Portfolio/week11-12/charity-apr2020/routes/index.js","statementMap":{"0":{"start":{"line":1,"column":14},"end":{"line":1,"column":32}},"1":{"start":{"line":2,"column":13},"end":{"line":2,"column":29}},"2":{"start":{"line":3,"column":25},"end":{"line":3,"column":59}},"3":{"start":{"line":4,"column":13},"end":{"line":4,"column":40}},"4":{"start":{"line":6,"column":0},"end":{"line":6,"column":42}},"5":{"start":{"line":7,"column":0},"end":{"line":7,"column":62}},"6":{"start":{"line":8,"column":0},"end":{"line":8,"column":60}},"7":{"start":{"line":9,"column":0},"end":{"line":9,"column":70}},"8":{"start":{"line":10,"column":0},"end":{"line":10,"column":70}},"9":{"start":{"line":12,"column":0},"end":{"line":12,"column":24}}},"fnMap":{},"branchMap":{},"s":{"0":1,"1":1,"2":1,"3":1,"4":1,"5":1,"6":1,"7":1,"8":1,"9":1},"f":{},"b":{},"_coverageSchema":"1a1c01bbd47fc00a2c39e90264f33305004495a9","hash":"e6473d6afa5a606cc67cd82133ab2df942d26a1c"}
,"/Users/tanil/Desktop/RubyProjects/Portfolio/week11-12/charity-apr2020/spec/mongodb_helper.js": {"path":"/Users/tanil/Desktop/RubyProjects/Portfolio/week11-12/charity-apr2020/spec/mongodb_helper.js","statementMap":{"0":{"start":{"line":1,"column":15},"end":{"line":1,"column":34}},"1":{"start":{"line":3,"column":0},"end":{"line":14,"column":3}},"2":{"start":{"line":4,"column":2},"end":{"line":7,"column":5}},"3":{"start":{"line":9,"column":11},"end":{"line":9,"column":30}},"4":{"start":{"line":10,"column":2},"end":{"line":10,"column":75}},"5":{"start":{"line":11,"column":2},"end":{"line":13,"column":5}},"6":{"start":{"line":12,"column":4},"end":{"line":12,"column":11}},"7":{"start":{"line":16,"column":0},"end":{"line":20,"column":3}},"8":{"start":{"line":17,"column":2},"end":{"line":19,"column":5}},"9":{"start":{"line":18,"column":4},"end":{"line":18,"column":11}}},"fnMap":{"0":{"name":"(anonymous_0)","decl":{"start":{"line":3,"column":10},"end":{"line":3,"column":11}},"loc":{"start":{"line":3,"column":26},"end":{"line":14,"column":1}},"line":3},"1":{"name":"(anonymous_1)","decl":{"start":{"line":11,"column":16},"end":{"line":11,"column":17}},"loc":{"start":{"line":11,"column":28},"end":{"line":13,"column":3}},"line":11},"2":{"name":"(anonymous_2)","decl":{"start":{"line":16,"column":9},"end":{"line":16,"column":10}},"loc":{"start":{"line":16,"column":25},"end":{"line":20,"column":1}},"line":16},"3":{"name":"(anonymous_3)","decl":{"start":{"line":17,"column":34},"end":{"line":17,"column":35}},"loc":{"start":{"line":17,"column":46},"end":{"line":19,"column":3}},"line":17}},"branchMap":{},"s":{"0":1,"1":1,"2":1,"3":1,"4":1,"5":1,"6":1,"7":1,"8":1,"9":1},"f":{"0":1,"1":1,"2":1,"3":1},"b":{},"_coverageSchema":"1a1c01bbd47fc00a2c39e90264f33305004495a9","hash":"bad2d5e5b7b33d0c4b5590f7f415a86744d73bee"}
}
