{"/Users/student/Documents/week-11/charity-apr2020/controllers/admin.js": {"path":"/Users/student/Documents/week-11/charity-apr2020/controllers/admin.js","statementMap":{"0":{"start":{"line":1,"column":12},"end":{"line":1,"column":38}},"1":{"start":{"line":3,"column":22},"end":{"line":40,"column":1}},"2":{"start":{"line":4,"column":25},"end":{"line":36,"column":3}},"3":{"start":{"line":5,"column":21},"end":{"line":5,"column":24}},"4":{"start":{"line":6,"column":36},"end":{"line":6,"column":40}},"5":{"start":{"line":7,"column":4},"end":{"line":7,"column":22}},"6":{"start":{"line":9,"column":4},"end":{"line":35,"column":7}},"7":{"start":{"line":10,"column":6},"end":{"line":10,"column":33}},"8":{"start":{"line":11,"column":6},"end":{"line":34,"column":7}},"9":{"start":{"line":12,"column":8},"end":{"line":15,"column":11}},"10":{"start":{"line":16,"column":13},"end":{"line":34,"column":7}},"11":{"start":{"line":17,"column":8},"end":{"line":28,"column":9}},"12":{"start":{"line":18,"column":10},"end":{"line":22,"column":13}},"13":{"start":{"line":24,"column":10},"end":{"line":27,"column":13}},"14":{"start":{"line":30,"column":8},"end":{"line":33,"column":11}},"15":{"start":{"line":38,"column":4},"end":{"line":38,"column":24}},"16":{"start":{"line":42,"column":0},"end":{"line":42,"column":33}}},"fnMap":{"0":{"name":"(anonymous_0)","decl":{"start":{"line":4,"column":9},"end":{"line":4,"column":10}},"loc":{"start":{"line":4,"column":25},"end":{"line":36,"column":3}},"line":4},"1":{"name":"(anonymous_1)","decl":{"start":{"line":4,"column":25},"end":{"line":4,"column":26}},"loc":{"start":{"line":4,"column":39},"end":{"line":36,"column":3}},"line":4},"2":{"name":"(anonymous_2)","decl":{"start":{"line":9,"column":49},"end":{"line":9,"column":50}},"loc":{"start":{"line":9,"column":79},"end":{"line":35,"column":5}},"line":9},"3":{"name":"(anonymous_3)","decl":{"start":{"line":37,"column":9},"end":{"line":37,"column":10}},"loc":{"start":{"line":37,"column":29},"end":{"line":39,"column":3}},"line":37}},"branchMap":{"0":{"loc":{"start":{"line":11,"column":6},"end":{"line":34,"column":7}},"type":"if","locations":[{"start":{"line":11,"column":6},"end":{"line":34,"column":7}},{"start":{"line":11,"column":6},"end":{"line":34,"column":7}}],"line":11},"1":{"loc":{"start":{"line":16,"column":13},"end":{"line":34,"column":7}},"type":"if","locations":[{"start":{"line":16,"column":13},"end":{"line":34,"column":7}},{"start":{"line":16,"column":13},"end":{"line":34,"column":7}}],"line":16},"2":{"loc":{"start":{"line":17,"column":8},"end":{"line":28,"column":9}},"type":"if","locations":[{"start":{"line":17,"column":8},"end":{"line":28,"column":9}},{"start":{"line":17,"column":8},"end":{"line":28,"column":9}}],"line":17}},"s":{"0":1,"1":1,"2":1,"3":1,"4":1,"5":1,"6":1,"7":1,"8":1,"9":1,"10":0,"11":0,"12":0,"13":0,"14":0,"15":0,"16":1},"f":{"0":1,"1":1,"2":1,"3":0},"b":{"0":[1,0],"1":[0,0],"2":[0,0]},"_coverageSchema":"1a1c01bbd47fc00a2c39e90264f33305004495a9","hash":"c8fc7c3bce15545b583b774a2c9a5600420c2aed"}
,"/Users/student/Documents/week-11/charity-apr2020/controllers/homepage.js": {"path":"/Users/student/Documents/week-11/charity-apr2020/controllers/homepage.js","statementMap":{"0":{"start":{"line":1,"column":25},"end":{"line":44,"column":1}},"1":{"start":{"line":3,"column":33},"end":{"line":15,"column":3}},"2":{"start":{"line":5,"column":17},"end":{"line":9,"column":6}},"3":{"start":{"line":11,"column":4},"end":{"line":14,"column":7}},"4":{"start":{"line":12,"column":6},"end":{"line":12,"column":35}},"5":{"start":{"line":12,"column":17},"end":{"line":12,"column":33}},"6":{"start":{"line":17,"column":31},"end":{"line":29,"column":3}},"7":{"start":{"line":18,"column":18},"end":{"line":18,"column":20}},"8":{"start":{"line":20,"column":4},"end":{"line":28,"column":7}},"9":{"start":{"line":21,"column":6},"end":{"line":26,"column":9}},"10":{"start":{"line":23,"column":8},"end":{"line":25,"column":9}},"11":{"start":{"line":24,"column":10},"end":{"line":24,"column":31}},"12":{"start":{"line":27,"column":6},"end":{"line":27,"column":29}},"13":{"start":{"line":31,"column":30},"end":{"line":43,"column":3}},"14":{"start":{"line":32,"column":17},"end":{"line":32,"column":19}},"15":{"start":{"line":34,"column":4},"end":{"line":42,"column":7}},"16":{"start":{"line":35,"column":6},"end":{"line":40,"column":9}},"17":{"start":{"line":37,"column":8},"end":{"line":39,"column":9}},"18":{"start":{"line":38,"column":10},"end":{"line":38,"column":30}},"19":{"start":{"line":41,"column":6},"end":{"line":41,"column":28}},"20":{"start":{"line":51,"column":0},"end":{"line":51,"column":36}}},"fnMap":{"0":{"name":"(anonymous_0)","decl":{"start":{"line":3,"column":16},"end":{"line":3,"column":17}},"loc":{"start":{"line":3,"column":33},"end":{"line":15,"column":3}},"line":3},"1":{"name":"(anonymous_1)","decl":{"start":{"line":3,"column":33},"end":{"line":3,"column":34}},"loc":{"start":{"line":3,"column":56},"end":{"line":15,"column":3}},"line":3},"2":{"name":"(anonymous_2)","decl":{"start":{"line":11,"column":16},"end":{"line":11,"column":17}},"loc":{"start":{"line":11,"column":25},"end":{"line":14,"column":5}},"line":11},"3":{"name":"(anonymous_3)","decl":{"start":{"line":17,"column":14},"end":{"line":17,"column":15}},"loc":{"start":{"line":17,"column":31},"end":{"line":29,"column":3}},"line":17},"4":{"name":"(anonymous_4)","decl":{"start":{"line":17,"column":31},"end":{"line":17,"column":32}},"loc":{"start":{"line":17,"column":54},"end":{"line":29,"column":3}},"line":17},"5":{"name":"(anonymous_5)","decl":{"start":{"line":20,"column":21},"end":{"line":20,"column":22}},"loc":{"start":{"line":20,"column":38},"end":{"line":28,"column":5}},"line":20},"6":{"name":"(anonymous_6)","decl":{"start":{"line":21,"column":21},"end":{"line":21,"column":22}},"loc":{"start":{"line":21,"column":33},"end":{"line":26,"column":7}},"line":21},"7":{"name":"(anonymous_7)","decl":{"start":{"line":31,"column":13},"end":{"line":31,"column":14}},"loc":{"start":{"line":31,"column":30},"end":{"line":43,"column":3}},"line":31},"8":{"name":"(anonymous_8)","decl":{"start":{"line":31,"column":30},"end":{"line":31,"column":31}},"loc":{"start":{"line":31,"column":53},"end":{"line":43,"column":3}},"line":31},"9":{"name":"(anonymous_9)","decl":{"start":{"line":34,"column":21},"end":{"line":34,"column":22}},"loc":{"start":{"line":34,"column":38},"end":{"line":42,"column":5}},"line":34},"10":{"name":"(anonymous_10)","decl":{"start":{"line":35,"column":21},"end":{"line":35,"column":22}},"loc":{"start":{"line":35,"column":33},"end":{"line":40,"column":7}},"line":35}},"branchMap":{"0":{"loc":{"start":{"line":12,"column":6},"end":{"line":12,"column":35}},"type":"if","locations":[{"start":{"line":12,"column":6},"end":{"line":12,"column":35}},{"start":{"line":12,"column":6},"end":{"line":12,"column":35}}],"line":12},"1":{"loc":{"start":{"line":23,"column":8},"end":{"line":25,"column":9}},"type":"if","locations":[{"start":{"line":23,"column":8},"end":{"line":25,"column":9}},{"start":{"line":23,"column":8},"end":{"line":25,"column":9}}],"line":23},"2":{"loc":{"start":{"line":37,"column":8},"end":{"line":39,"column":9}},"type":"if","locations":[{"start":{"line":37,"column":8},"end":{"line":39,"column":9}},{"start":{"line":37,"column":8},"end":{"line":39,"column":9}}],"line":37}},"s":{"0":2,"1":2,"2":1,"3":1,"4":0,"5":0,"6":2,"7":1,"8":1,"9":1,"10":2,"11":1,"12":1,"13":2,"14":1,"15":1,"16":1,"17":2,"18":1,"19":1,"20":2},"f":{"0":2,"1":1,"2":0,"3":2,"4":1,"5":1,"6":2,"7":2,"8":1,"9":1,"10":2},"b":{"0":[0,0],"1":[1,1],"2":[1,1]},"_coverageSchema":"1a1c01bbd47fc00a2c39e90264f33305004495a9","hash":"b58fe8560cb482a2fdda34e686d8f50fa66c3005"}
,"/Users/student/Documents/week-11/charity-apr2020/controllers/pairs/randomPairs.js": {"path":"/Users/student/Documents/week-11/charity-apr2020/controllers/pairs/randomPairs.js","statementMap":{"0":{"start":{"line":1,"column":18},"end":{"line":32,"column":1}},"1":{"start":{"line":4,"column":23},"end":{"line":4,"column":55}},"2":{"start":{"line":7,"column":16},"end":{"line":13,"column":6}},"3":{"start":{"line":8,"column":6},"end":{"line":12,"column":7}},"4":{"start":{"line":14,"column":4},"end":{"line":14,"column":16}},"5":{"start":{"line":18,"column":4},"end":{"line":18,"column":65}},"6":{"start":{"line":19,"column":4},"end":{"line":19,"column":63}},"7":{"start":{"line":20,"column":4},"end":{"line":20,"column":19}},"8":{"start":{"line":24,"column":4},"end":{"line":29,"column":5}},"9":{"start":{"line":24,"column":17},"end":{"line":24,"column":33}},"10":{"start":{"line":25,"column":16},"end":{"line":25,"column":51}},"11":{"start":{"line":26,"column":19},"end":{"line":26,"column":27}},"12":{"start":{"line":27,"column":8},"end":{"line":27,"column":28}},"13":{"start":{"line":28,"column":8},"end":{"line":28,"column":24}},"14":{"start":{"line":30,"column":4},"end":{"line":30,"column":17}},"15":{"start":{"line":34,"column":0},"end":{"line":34,"column":29}}},"fnMap":{"0":{"name":"(anonymous_0)","decl":{"start":{"line":2,"column":12},"end":{"line":2,"column":13}},"loc":{"start":{"line":2,"column":25},"end":{"line":15,"column":3}},"line":2},"1":{"name":"(anonymous_1)","decl":{"start":{"line":7,"column":41},"end":{"line":7,"column":42}},"loc":{"start":{"line":7,"column":60},"end":{"line":13,"column":5}},"line":7},"2":{"name":"(anonymous_2)","decl":{"start":{"line":17,"column":15},"end":{"line":17,"column":16}},"loc":{"start":{"line":17,"column":28},"end":{"line":21,"column":3}},"line":17},"3":{"name":"(anonymous_3)","decl":{"start":{"line":23,"column":17},"end":{"line":23,"column":18}},"loc":{"start":{"line":23,"column":28},"end":{"line":31,"column":3}},"line":23}},"branchMap":{},"s":{"0":1,"1":4,"2":4,"3":9,"4":4,"5":1,"6":1,"7":1,"8":2,"9":2,"10":0,"11":0,"12":0,"13":0,"14":2,"15":1},"f":{"0":4,"1":9,"2":1,"3":2},"b":{},"_coverageSchema":"1a1c01bbd47fc00a2c39e90264f33305004495a9","hash":"d1cb28f2654f101ad8fce150e8f9a723d343ee20"}
,"/Users/student/Documents/week-11/charity-apr2020/controllers/pairs/shortestDistancePairs.js": {"path":"/Users/student/Documents/week-11/charity-apr2020/controllers/pairs/shortestDistancePairs.js","statementMap":{"0":{"start":{"line":1,"column":28},"end":{"line":46,"column":1}},"1":{"start":{"line":12,"column":18},"end":{"line":12,"column":20}},"2":{"start":{"line":14,"column":4},"end":{"line":43,"column":5}},"3":{"start":{"line":15,"column":25},"end":{"line":15,"column":55}},"4":{"start":{"line":19,"column":5},"end":{"line":32,"column":9}},"5":{"start":{"line":20,"column":8},"end":{"line":31,"column":11}},"6":{"start":{"line":21,"column":10},"end":{"line":30,"column":11}},"7":{"start":{"line":22,"column":12},"end":{"line":27,"column":14}},"8":{"start":{"line":28,"column":12},"end":{"line":28,"column":27}},"9":{"start":{"line":29,"column":12},"end":{"line":29,"column":37}},"10":{"start":{"line":33,"column":6},"end":{"line":33,"column":33}},"11":{"start":{"line":34,"column":6},"end":{"line":34,"column":42}},"12":{"start":{"line":36,"column":6},"end":{"line":42,"column":9}},"13":{"start":{"line":37,"column":8},"end":{"line":41,"column":11}},"14":{"start":{"line":38,"column":10},"end":{"line":40,"column":11}},"15":{"start":{"line":39,"column":12},"end":{"line":39,"column":43}},"16":{"start":{"line":44,"column":4},"end":{"line":44,"column":19}},"17":{"start":{"line":48,"column":0},"end":{"line":48,"column":39}}},"fnMap":{"0":{"name":"(anonymous_0)","decl":{"start":{"line":2,"column":12},"end":{"line":2,"column":13}},"loc":{"start":{"line":2,"column":31},"end":{"line":45,"column":3}},"line":2},"1":{"name":"(anonymous_1)","decl":{"start":{"line":19,"column":27},"end":{"line":19,"column":28}},"loc":{"start":{"line":19,"column":41},"end":{"line":32,"column":7}},"line":19},"2":{"name":"(anonymous_2)","decl":{"start":{"line":20,"column":30},"end":{"line":20,"column":31}},"loc":{"start":{"line":20,"column":45},"end":{"line":31,"column":9}},"line":20},"3":{"name":"(anonymous_3)","decl":{"start":{"line":36,"column":28},"end":{"line":36,"column":29}},"loc":{"start":{"line":36,"column":39},"end":{"line":42,"column":7}},"line":36},"4":{"name":"(anonymous_4)","decl":{"start":{"line":37,"column":30},"end":{"line":37,"column":31}},"loc":{"start":{"line":37,"column":49},"end":{"line":41,"column":9}},"line":37}},"branchMap":{"0":{"loc":{"start":{"line":21,"column":10},"end":{"line":30,"column":11}},"type":"if","locations":[{"start":{"line":21,"column":10},"end":{"line":30,"column":11}},{"start":{"line":21,"column":10},"end":{"line":30,"column":11}}],"line":21},"1":{"loc":{"start":{"line":38,"column":10},"end":{"line":40,"column":11}},"type":"if","locations":[{"start":{"line":38,"column":10},"end":{"line":40,"column":11}},{"start":{"line":38,"column":10},"end":{"line":40,"column":11}}],"line":38}},"s":{"0":1,"1":3,"2":3,"3":7,"4":7,"5":14,"6":36,"7":16,"8":16,"9":16,"10":7,"11":7,"12":7,"13":7,"14":20,"15":7,"16":3,"17":1},"f":{"0":3,"1":14,"2":36,"3":7,"4":20},"b":{"0":[16,20],"1":[7,13]},"_coverageSchema":"1a1c01bbd47fc00a2c39e90264f33305004495a9","hash":"9f1e3c5e2116b7497b792b1eb1ba8b3dce4618d8"}
,"/Users/student/Documents/week-11/charity-apr2020/models/admin.js": {"path":"/Users/student/Documents/week-11/charity-apr2020/models/admin.js","statementMap":{"0":{"start":{"line":1,"column":15},"end":{"line":1,"column":34}},"1":{"start":{"line":3,"column":18},"end":{"line":12,"column":2}},"2":{"start":{"line":14,"column":12},"end":{"line":14,"column":48}},"3":{"start":{"line":16,"column":0},"end":{"line":16,"column":23}}},"fnMap":{},"branchMap":{},"s":{"0":2,"1":2,"2":2,"3":2},"f":{},"b":{},"_coverageSchema":"1a1c01bbd47fc00a2c39e90264f33305004495a9","hash":"b2d6cd2cc149907ac337b82fdffdab2814fda42a"}
,"/Users/student/Documents/week-11/charity-apr2020/models/member.js": {"path":"/Users/student/Documents/week-11/charity-apr2020/models/member.js","statementMap":{"0":{"start":{"line":1,"column":15},"end":{"line":1,"column":34}},"1":{"start":{"line":3,"column":19},"end":{"line":7,"column":2}},"2":{"start":{"line":9,"column":13},"end":{"line":9,"column":51}},"3":{"start":{"line":11,"column":0},"end":{"line":11,"column":24}}},"fnMap":{},"branchMap":{},"s":{"0":1,"1":1,"2":1,"3":1},"f":{},"b":{},"_coverageSchema":"1a1c01bbd47fc00a2c39e90264f33305004495a9","hash":"20c9a3ecdfef7c3ac71e296cccb5899bf3acc8c2"}
,"/Users/student/Documents/week-11/charity-apr2020/routes/index.js": {"path":"/Users/student/Documents/week-11/charity-apr2020/routes/index.js","statementMap":{"0":{"start":{"line":1,"column":14},"end":{"line":1,"column":32}},"1":{"start":{"line":2,"column":13},"end":{"line":2,"column":29}},"2":{"start":{"line":3,"column":25},"end":{"line":3,"column":59}},"3":{"start":{"line":4,"column":13},"end":{"line":4,"column":40}},"4":{"start":{"line":7,"column":0},"end":{"line":9,"column":3}},"5":{"start":{"line":8,"column":2},"end":{"line":8,"column":22}},"6":{"start":{"line":11,"column":0},"end":{"line":11,"column":62}},"7":{"start":{"line":12,"column":0},"end":{"line":12,"column":60}},"8":{"start":{"line":13,"column":0},"end":{"line":13,"column":70}},"9":{"start":{"line":15,"column":0},"end":{"line":15,"column":24}}},"fnMap":{"0":{"name":"(anonymous_0)","decl":{"start":{"line":7,"column":16},"end":{"line":7,"column":17}},"loc":{"start":{"line":7,"column":41},"end":{"line":9,"column":1}},"line":7}},"branchMap":{},"s":{"0":1,"1":1,"2":1,"3":1,"4":1,"5":0,"6":1,"7":1,"8":1,"9":1},"f":{"0":0},"b":{},"_coverageSchema":"1a1c01bbd47fc00a2c39e90264f33305004495a9","hash":"96a7c2e08fdfebd0a82b69edce5ddfc4c42449eb"}
,"/Users/student/Documents/week-11/charity-apr2020/spec/mongodb_helper.js": {"path":"/Users/student/Documents/week-11/charity-apr2020/spec/mongodb_helper.js","statementMap":{"0":{"start":{"line":1,"column":15},"end":{"line":1,"column":34}},"1":{"start":{"line":3,"column":0},"end":{"line":14,"column":3}},"2":{"start":{"line":4,"column":2},"end":{"line":7,"column":5}},"3":{"start":{"line":9,"column":11},"end":{"line":9,"column":30}},"4":{"start":{"line":10,"column":2},"end":{"line":10,"column":75}},"5":{"start":{"line":11,"column":2},"end":{"line":13,"column":5}},"6":{"start":{"line":12,"column":4},"end":{"line":12,"column":11}},"7":{"start":{"line":16,"column":0},"end":{"line":20,"column":3}},"8":{"start":{"line":17,"column":2},"end":{"line":19,"column":5}},"9":{"start":{"line":18,"column":4},"end":{"line":18,"column":11}}},"fnMap":{"0":{"name":"(anonymous_0)","decl":{"start":{"line":3,"column":10},"end":{"line":3,"column":11}},"loc":{"start":{"line":3,"column":26},"end":{"line":14,"column":1}},"line":3},"1":{"name":"(anonymous_1)","decl":{"start":{"line":11,"column":16},"end":{"line":11,"column":17}},"loc":{"start":{"line":11,"column":28},"end":{"line":13,"column":3}},"line":11},"2":{"name":"(anonymous_2)","decl":{"start":{"line":16,"column":9},"end":{"line":16,"column":10}},"loc":{"start":{"line":16,"column":25},"end":{"line":20,"column":1}},"line":16},"3":{"name":"(anonymous_3)","decl":{"start":{"line":17,"column":34},"end":{"line":17,"column":35}},"loc":{"start":{"line":17,"column":46},"end":{"line":19,"column":3}},"line":17}},"branchMap":{},"s":{"0":1,"1":1,"2":1,"3":1,"4":1,"5":1,"6":1,"7":1,"8":1,"9":1},"f":{"0":1,"1":1,"2":1,"3":1},"b":{},"_coverageSchema":"1a1c01bbd47fc00a2c39e90264f33305004495a9","hash":"ea0c6b3a2a07a37e7d4edc1562d9bb5d8cdca16c"}
}
