TN:
SF:controllers/admin.js
FN:4,(anonymous_0)
FN:4,(anonymous_1)
FN:9,(anonymous_2)
FN:37,(anonymous_3)
FNF:4
FNH:3
FNDA:1,(anonymous_0)
FNDA:1,(anonymous_1)
FNDA:1,(anonymous_2)
FNDA:0,(anonymous_3)
DA:1,1
DA:3,1
DA:4,1
DA:5,1
DA:6,1
DA:7,1
DA:9,1
DA:10,1
DA:11,1
DA:12,1
DA:16,0
DA:17,0
DA:18,0
DA:24,0
DA:30,0
DA:38,0
DA:42,1
LF:17
LH:11
BRDA:11,0,0,1
BRDA:11,0,1,0
BRDA:16,1,0,0
BRDA:16,1,1,0
BRDA:17,2,0,0
BRDA:17,2,1,0
BRF:6
BRH:1
end_of_record
TN:
SF:controllers/homepage.js
FN:3,(anonymous_0)
FN:3,(anonymous_1)
FN:11,(anonymous_2)
FN:17,(anonymous_3)
FN:17,(anonymous_4)
FN:20,(anonymous_5)
FN:21,(anonymous_6)
FN:31,(anonymous_7)
FN:31,(anonymous_8)
FN:34,(anonymous_9)
FN:35,(anonymous_10)
FNF:11
FNH:10
FNDA:2,(anonymous_0)
FNDA:1,(anonymous_1)
FNDA:0,(anonymous_2)
FNDA:2,(anonymous_3)
FNDA:1,(anonymous_4)
FNDA:1,(anonymous_5)
FNDA:2,(anonymous_6)
FNDA:2,(anonymous_7)
FNDA:1,(anonymous_8)
FNDA:1,(anonymous_9)
FNDA:2,(anonymous_10)
DA:1,2
DA:3,2
DA:5,1
DA:11,1
DA:12,0
DA:17,2
DA:18,1
DA:20,1
DA:21,1
DA:23,2
DA:24,1
DA:27,1
DA:31,2
DA:32,1
DA:34,1
DA:35,1
DA:37,2
DA:38,1
DA:41,1
DA:51,2
LF:20
LH:19
BRDA:12,0,0,0
BRDA:12,0,1,0
BRDA:23,1,0,1
BRDA:23,1,1,1
BRDA:37,2,0,1
BRDA:37,2,1,1
BRF:6
BRH:4
end_of_record
TN:
SF:controllers/pairs/randomPairs.js
FN:2,(anonymous_0)
FN:7,(anonymous_1)
FN:17,(anonymous_2)
FN:23,(anonymous_3)
FNF:4
FNH:4
FNDA:4,(anonymous_0)
FNDA:9,(anonymous_1)
FNDA:1,(anonymous_2)
FNDA:2,(anonymous_3)
DA:1,1
DA:4,4
DA:7,4
DA:8,9
DA:14,4
DA:18,1
DA:19,1
DA:20,1
DA:24,2
DA:25,0
DA:26,0
DA:27,0
DA:28,0
DA:30,2
DA:34,1
LF:15
LH:11
BRF:0
BRH:0
end_of_record
TN:
SF:controllers/pairs/shortestDistancePairs.js
FN:2,(anonymous_0)
FN:19,(anonymous_1)
FN:20,(anonymous_2)
FN:36,(anonymous_3)
FN:37,(anonymous_4)
FNF:5
FNH:5
FNDA:3,(anonymous_0)
FNDA:14,(anonymous_1)
FNDA:36,(anonymous_2)
FNDA:7,(anonymous_3)
FNDA:20,(anonymous_4)
DA:1,1
DA:12,3
DA:14,3
DA:15,7
DA:19,7
DA:20,14
DA:21,36
DA:22,16
DA:28,16
DA:29,16
DA:33,7
DA:34,7
DA:36,7
DA:37,7
DA:38,20
DA:39,7
DA:44,3
DA:48,1
LF:18
LH:18
BRDA:21,0,0,16
BRDA:21,0,1,20
BRDA:38,1,0,7
BRDA:38,1,1,13
BRF:4
BRH:4
end_of_record
TN:
SF:models/admin.js
FNF:0
FNH:0
DA:1,2
DA:3,2
DA:14,2
DA:16,2
LF:4
LH:4
BRF:0
BRH:0
end_of_record
TN:
SF:models/member.js
FNF:0
FNH:0
DA:1,1
DA:3,1
DA:9,1
DA:11,1
LF:4
LH:4
BRF:0
BRH:0
end_of_record
TN:
SF:routes/index.js
FN:7,(anonymous_0)
FNF:1
FNH:0
FNDA:0,(anonymous_0)
DA:1,1
DA:2,1
DA:3,1
DA:4,1
DA:7,1
DA:8,0
DA:11,1
DA:12,1
DA:13,1
DA:15,1
LF:10
LH:9
BRF:0
BRH:0
end_of_record
TN:
SF:spec/mongodb_helper.js
FN:3,(anonymous_0)
FN:11,(anonymous_1)
FN:16,(anonymous_2)
FN:17,(anonymous_3)
FNF:4
FNH:4
FNDA:1,(anonymous_0)
FNDA:1,(anonymous_1)
FNDA:1,(anonymous_2)
FNDA:1,(anonymous_3)
DA:1,1
DA:3,1
DA:4,1
DA:9,1
DA:10,1
DA:11,1
DA:12,1
DA:16,1
DA:17,1
DA:18,1
LF:10
LH:10
BRF:0
BRH:0
end_of_record
