TN:
SF:controllers/admin.js
FN:2,(anonymous_0)
FN:2,(anonymous_1)
FN:7,(anonymous_2)
FN:35,(anonymous_3)
FNF:4
FNH:3
FNDA:1,(anonymous_0)
FNDA:1,(anonymous_1)
FNDA:1,(anonymous_2)
FNDA:0,(anonymous_3)
DA:1,1
DA:2,1
DA:3,1
DA:4,1
DA:5,1
DA:7,1
DA:8,1
DA:9,1
DA:10,1
DA:14,0
DA:15,0
DA:16,0
DA:22,0
DA:28,0
DA:36,0
DA:40,1
LF:16
LH:10
BRDA:9,0,0,1
BRDA:9,0,1,0
BRDA:14,1,0,0
BRDA:14,1,1,0
BRDA:15,2,0,0
BRDA:15,2,1,0
BRF:6
BRH:1
end_of_record
TN:
SF:controllers/homepage.js
FN:3,(anonymous_0)
FN:3,(anonymous_1)
FN:12,(anonymous_2)
FN:18,(anonymous_3)
FN:18,(anonymous_4)
FN:21,(anonymous_5)
FN:27,(anonymous_6)
FN:27,(anonymous_7)
FN:30,(anonymous_8)
FN:31,(anonymous_9)
FN:42,(anonymous_10)
FN:42,(anonymous_11)
FN:45,(anonymous_12)
FN:46,(anonymous_13)
FNF:14
FNH:12
FNDA:2,(anonymous_0)
FNDA:1,(anonymous_1)
FNDA:0,(anonymous_2)
FNDA:2,(anonymous_3)
FNDA:1,(anonymous_4)
FNDA:0,(anonymous_5)
FNDA:2,(anonymous_6)
FNDA:1,(anonymous_7)
FNDA:1,(anonymous_8)
FNDA:2,(anonymous_9)
FNDA:2,(anonymous_10)
FNDA:1,(anonymous_11)
FNDA:1,(anonymous_12)
FNDA:2,(anonymous_13)
DA:1,2
DA:3,2
DA:4,1
DA:12,1
DA:13,0
DA:14,0
DA:18,2
DA:19,1
DA:20,1
DA:21,1
DA:22,0
DA:23,0
DA:27,2
DA:28,1
DA:30,1
DA:31,1
DA:33,2
DA:34,1
DA:37,1
DA:38,1
DA:42,2
DA:43,1
DA:45,1
DA:46,1
DA:48,2
DA:49,1
DA:52,1
DA:53,1
DA:59,2
LF:29
LH:25
BRDA:13,0,0,0
BRDA:13,0,1,0
BRDA:22,1,0,0
BRDA:22,1,1,0
BRDA:33,2,0,1
BRDA:33,2,1,1
BRDA:48,3,0,1
BRDA:48,3,1,1
BRF:8
BRH:4
end_of_record
TN:
SF:controllers/pairs/_geneticPairs.js
FN:4,(anonymous_0)
FN:11,(anonymous_1)
FN:15,(anonymous_2)
FN:26,(anonymous_3)
FN:57,(anonymous_4)
FN:59,(anonymous_5)
FN:84,(anonymous_6)
FN:91,(anonymous_7)
FN:92,(anonymous_8)
FN:102,(anonymous_9)
FN:103,(anonymous_10)
FN:113,(anonymous_11)
FN:114,(anonymous_12)
FN:127,(anonymous_13)
FN:128,(anonymous_14)
FN:136,(anonymous_15)
FN:145,(anonymous_16)
FN:153,(anonymous_17)
FN:160,(anonymous_18)
FN:168,(anonymous_19)
FN:178,(anonymous_20)
FN:179,(anonymous_21)
FN:185,(anonymous_22)
FN:187,(anonymous_23)
FN:193,(anonymous_24)
FN:201,(anonymous_25)
FN:207,(anonymous_26)
FN:209,(anonymous_27)
FN:211,(anonymous_28)
FN:225,(anonymous_29)
FN:236,(anonymous_30)
FNF:31
FNH:28
FNDA:2,(anonymous_0)
FNDA:4,(anonymous_1)
FNDA:4,(anonymous_2)
FNDA:2,(anonymous_3)
FNDA:5,(anonymous_4)
FNDA:5,(anonymous_5)
FNDA:0,(anonymous_6)
FNDA:1,(anonymous_7)
FNDA:2,(anonymous_8)
FNDA:1,(anonymous_9)
FNDA:2,(anonymous_10)
FNDA:4,(anonymous_11)
FNDA:7,(anonymous_12)
FNDA:0,(anonymous_13)
FNDA:0,(anonymous_14)
FNDA:2,(anonymous_15)
FNDA:10,(anonymous_16)
FNDA:10,(anonymous_17)
FNDA:10,(anonymous_18)
FNDA:10,(anonymous_19)
FNDA:2,(anonymous_20)
FNDA:10,(anonymous_21)
FNDA:10,(anonymous_22)
FNDA:20,(anonymous_23)
FNDA:2,(anonymous_24)
FNDA:10,(anonymous_25)
FNDA:20,(anonymous_26)
FNDA:50,(anonymous_27)
FNDA:50,(anonymous_28)
FNDA:20,(anonymous_29)
FNDA:2,(anonymous_30)
DA:1,1
DA:5,2
DA:6,2
DA:8,2
DA:9,2
DA:11,2
DA:12,4
DA:15,2
DA:16,4
DA:19,2
DA:20,2
DA:21,2
DA:23,2
DA:36,2
DA:38,2
DA:41,2
DA:42,2
DA:44,2
DA:45,2
DA:47,2
DA:48,4
DA:49,3
DA:51,3
DA:53,3
DA:55,3
DA:57,5
DA:59,5
DA:60,3
DA:63,1
DA:64,1
DA:65,1
DA:66,1
DA:67,1
DA:68,1
DA:72,4
DA:74,4
DA:75,2
DA:79,2
DA:80,2
DA:81,2
DA:84,2
DA:88,2
DA:92,1
DA:93,2
DA:94,1
DA:96,1
DA:99,1
DA:103,1
DA:104,2
DA:105,1
DA:107,1
DA:110,1
DA:114,4
DA:115,7
DA:116,4
DA:118,3
DA:122,4
DA:124,4
DA:128,0
DA:129,0
DA:130,0
DA:133,0
DA:144,2
DA:145,2
DA:146,10
DA:152,2
DA:153,2
DA:154,10
DA:155,10
DA:156,10
DA:160,2
DA:161,10
DA:162,10
DA:165,2
DA:166,2
DA:168,2
DA:169,10
DA:170,10
DA:171,103
DA:175,2
DA:179,2
DA:180,10
DA:181,10
DA:186,10
DA:187,10
DA:188,20
DA:190,10
DA:194,2
DA:195,2
DA:196,10
DA:198,2
DA:201,2
DA:202,10
DA:204,10
DA:205,10
DA:207,10
DA:208,20
DA:209,20
DA:210,50
DA:211,20
DA:212,50
DA:213,20
DA:214,20
DA:215,20
DA:216,20
DA:222,10
DA:225,2
DA:226,20
DA:227,20
DA:228,20
DA:229,20
DA:230,20
DA:232,20
DA:236,1
DA:238,2
DA:240,2
DA:248,1
LF:117
LH:113
BRDA:48,0,0,3
BRDA:48,0,1,1
BRDA:49,1,0,3
BRDA:49,1,1,0
BRDA:63,2,0,1
BRDA:63,2,1,0
BRDA:74,3,0,2
BRDA:74,3,1,2
BRDA:74,4,0,4
BRDA:74,4,1,2
BRDA:93,5,0,1
BRDA:93,5,1,1
BRDA:104,6,0,1
BRDA:104,6,1,1
BRDA:115,7,0,4
BRDA:115,7,1,3
BRDA:115,8,0,7
BRDA:115,8,1,3
BRDA:129,9,0,0
BRDA:129,9,1,0
BRDA:129,10,0,0
BRDA:129,10,1,0
BRDA:210,11,0,20
BRDA:210,11,1,30
BRDA:212,12,0,20
BRDA:212,12,1,30
BRF:26
BRH:20
end_of_record
TN:
SF:controllers/pairs/averagePairs.js
FN:5,(anonymous_0)
FN:9,(anonymous_1)
FN:13,(anonymous_2)
FN:36,(anonymous_3)
FN:59,(anonymous_4)
FN:60,(anonymous_5)
FN:61,(anonymous_6)
FN:63,(anonymous_7)
FN:76,(anonymous_8)
FN:78,(anonymous_9)
FN:89,(anonymous_10)
FN:96,(anonymous_11)
FNF:12
FNH:12
FNDA:1,(anonymous_0)
FNDA:3,(anonymous_1)
FNDA:3,(anonymous_2)
FNDA:18,(anonymous_3)
FNDA:6,(anonymous_4)
FNDA:18,(anonymous_5)
FNDA:54,(anonymous_6)
FNDA:54,(anonymous_7)
FNDA:6,(anonymous_8)
FNDA:18,(anonymous_9)
FNDA:6,(anonymous_10)
FNDA:3,(anonymous_11)
DA:1,1
DA:2,1
DA:5,1
DA:6,1
DA:7,1
DA:9,1
DA:10,3
DA:13,1
DA:14,3
DA:17,1
DA:25,1
DA:28,3
DA:30,3
DA:31,6
DA:36,6
DA:37,18
DA:41,18
DA:45,6
DA:47,6
DA:48,6
DA:49,6
DA:50,6
DA:53,3
DA:54,3
DA:59,1
DA:60,6
DA:61,18
DA:62,54
DA:63,18
DA:64,54
DA:65,18
DA:66,18
DA:67,18
DA:76,1
DA:77,6
DA:78,6
DA:79,18
DA:81,6
DA:85,1
DA:89,1
DA:90,6
DA:91,3
DA:96,1
DA:97,3
DA:99,1
DA:103,1
LF:46
LH:46
BRDA:62,0,0,18
BRDA:62,0,1,36
BRDA:64,1,0,18
BRDA:64,1,1,36
BRDA:90,2,0,3
BRDA:90,2,1,3
BRF:6
BRH:6
end_of_record
TN:
SF:controllers/pairs/pairingGenome.js
FN:4,(anonymous_0)
FN:13,(anonymous_1)
FN:21,(anonymous_2)
FN:28,(anonymous_3)
FN:38,(anonymous_4)
FN:39,(anonymous_5)
FN:52,(anonymous_6)
FN:71,(anonymous_7)
FN:73,(anonymous_8)
FN:82,(anonymous_9)
FN:83,(anonymous_10)
FN:94,(anonymous_11)
FN:106,(anonymous_12)
FN:107,(anonymous_13)
FN:109,(anonymous_14)
FN:125,(anonymous_15)
FN:127,(anonymous_16)
FN:133,(anonymous_17)
FN:148,(anonymous_18)
FNF:19
FNH:18
FNDA:50536,(anonymous_0)
FNDA:506,(anonymous_1)
FNDA:1512,(anonymous_2)
FNDA:1512,(anonymous_3)
FNDA:93020,(anonymous_4)
FNDA:73454,(anonymous_5)
FNDA:50003,(anonymous_6)
FNDA:105651,(anonymous_7)
FNDA:105652,(anonymous_8)
FNDA:80555,(anonymous_9)
FNDA:80557,(anonymous_10)
FNDA:56994,(anonymous_11)
FNDA:58507,(anonymous_12)
FNDA:175508,(anonymous_13)
FNDA:175508,(anonymous_14)
FNDA:50511,(anonymous_15)
FNDA:151533,(anonymous_16)
FNDA:0,(anonymous_17)
FNDA:1012,(anonymous_18)
DA:1,2
DA:5,50536
DA:6,50536
DA:15,506
DA:16,506
DA:18,506
DA:19,506
DA:21,506
DA:22,1512
DA:28,506
DA:29,1512
DA:30,1512
DA:39,93020
DA:40,73454
DA:53,50003
DA:54,50003
DA:56,50003
DA:57,50003
DA:59,50003
DA:60,158850
DA:61,99627
DA:64,52675
DA:67,52675
DA:69,52675
DA:71,105651
DA:73,105652
DA:75,52675
DA:78,59223
DA:79,40341
DA:80,40341
DA:81,40341
DA:82,80555
DA:83,80557
DA:84,40341
DA:88,158850
DA:89,158850
DA:90,50003
DA:94,50003
DA:95,56994
DA:96,56994
DA:97,56994
DA:100,50003
DA:107,58507
DA:108,175508
DA:109,58507
DA:110,175508
DA:111,58507
DA:112,58507
DA:113,58507
DA:118,58507
DA:126,50511
DA:127,50511
DA:128,151533
DA:130,50511
DA:134,0
DA:135,0
DA:137,0
DA:138,0
DA:139,0
DA:140,0
DA:142,0
DA:143,0
DA:144,0
DA:149,1012
DA:150,2012
DA:151,2012
DA:152,2012
DA:153,2012
DA:155,1012
DA:159,2
LF:70
LH:61
BRDA:40,0,0,73454
BRDA:40,0,1,36940
BRDA:60,1,0,99627
BRDA:60,1,1,59223
BRDA:61,2,0,52675
BRDA:61,2,1,46952
BRDA:78,3,0,40341
BRDA:78,3,1,18882
BRDA:89,4,0,50003
BRDA:89,4,1,108847
BRDA:89,5,0,158850
BRDA:89,5,1,96733
BRDA:108,6,0,58507
BRDA:108,6,1,117001
BRDA:110,7,0,58507
BRDA:110,7,1,117001
BRDA:137,8,0,0
BRDA:137,8,1,0
BRF:18
BRH:16
end_of_record
TN:
SF:controllers/pairs/pairingPopulation.js
FN:4,(anonymous_0)
FN:17,(anonymous_1)
FN:21,(anonymous_2)
FN:28,(anonymous_3)
FN:39,(anonymous_4)
FN:40,(anonymous_5)
FN:45,(anonymous_6)
FN:54,(anonymous_7)
FN:62,(anonymous_8)
FN:69,(anonymous_9)
FN:76,(anonymous_10)
FN:85,(anonymous_11)
FN:98,(anonymous_12)
FN:100,(anonymous_13)
FN:108,(anonymous_14)
FN:109,(anonymous_15)
FN:117,(anonymous_16)
FN:130,(anonymous_17)
FNF:18
FNH:18
FNDA:6,(anonymous_0)
FNDA:9,(anonymous_1)
FNDA:9,(anonymous_2)
FNDA:2,(anonymous_3)
FNDA:102,(anonymous_4)
FNDA:50510,(anonymous_5)
FNDA:101,(anonymous_6)
FNDA:50002,(anonymous_7)
FNDA:50002,(anonymous_8)
FNDA:50002,(anonymous_9)
FNDA:50002,(anonymous_10)
FNDA:100,(anonymous_11)
FNDA:1,(anonymous_12)
FNDA:500,(anonymous_13)
FNDA:100,(anonymous_14)
FNDA:50000,(anonymous_15)
FNDA:1,(anonymous_16)
FNDA:3,(anonymous_17)
DA:1,1
DA:5,6
DA:6,6
DA:7,6
DA:8,6
DA:9,6
DA:10,6
DA:12,6
DA:17,6
DA:18,9
DA:21,6
DA:22,9
DA:25,6
DA:29,2
DA:30,505
DA:31,505
DA:32,505
DA:40,102
DA:41,50510
DA:53,101
DA:54,101
DA:55,50002
DA:61,101
DA:62,101
DA:63,50002
DA:64,50002
DA:65,50002
DA:69,101
DA:70,50002
DA:71,50002
DA:74,101
DA:76,101
DA:77,50002
DA:78,50002
DA:79,50015
DA:86,100
DA:87,100
DA:89,50000
DA:90,50000
DA:91,50000
DA:93,50000
DA:95,100
DA:99,1
DA:100,1
DA:101,500
DA:102,1
DA:105,1
DA:109,100
DA:110,50000
DA:111,0
DA:117,1
DA:119,1
DA:120,1
DA:122,1
DA:123,100
DA:124,100
DA:125,100
DA:126,100
DA:128,1
DA:129,1
DA:130,1
DA:131,3
DA:133,1
DA:137,1
LF:64
LH:63
BRDA:101,0,0,1
BRDA:101,0,1,499
BRDA:110,1,0,0
BRDA:110,1,1,50000
BRF:4
BRH:3
end_of_record
TN:
SF:controllers/pairs/randomPairs.js
FN:2,(anonymous_0)
FN:7,(anonymous_1)
FN:17,(anonymous_2)
FN:23,(anonymous_3)
FNF:4
FNH:4
FNDA:4,(anonymous_0)
FNDA:9,(anonymous_1)
FNDA:1,(anonymous_2)
FNDA:2,(anonymous_3)
DA:1,1
DA:4,4
DA:7,4
DA:8,9
DA:14,4
DA:18,1
DA:19,1
DA:20,1
DA:24,2
DA:25,0
DA:26,0
DA:27,0
DA:28,0
DA:30,2
DA:34,1
LF:15
LH:11
BRF:0
BRH:0
end_of_record
TN:
SF:models/admin.js
FNF:0
FNH:0
DA:1,1
DA:3,1
DA:14,1
DA:16,1
LF:4
LH:4
BRF:0
BRH:0
end_of_record
TN:
SF:models/member.js
FNF:0
FNH:0
DA:1,1
DA:3,1
DA:16,1
DA:18,1
LF:4
LH:4
BRF:0
BRH:0
end_of_record
TN:
SF:routes/index.js
FN:7,(anonymous_0)
FNF:1
FNH:0
FNDA:0,(anonymous_0)
DA:1,1
DA:2,1
DA:3,1
DA:4,1
DA:7,1
DA:8,0
DA:11,1
DA:12,1
DA:13,1
DA:14,1
DA:17,1
LF:11
LH:10
BRF:0
BRH:0
end_of_record
TN:
SF:spec/mongodb_helper.js
FN:3,(anonymous_0)
FN:11,(anonymous_1)
FN:16,(anonymous_2)
FN:17,(anonymous_3)
FNF:4
FNH:4
FNDA:1,(anonymous_0)
FNDA:1,(anonymous_1)
FNDA:1,(anonymous_2)
FNDA:1,(anonymous_3)
DA:1,1
DA:3,1
DA:4,1
DA:9,1
DA:10,1
DA:11,1
DA:12,1
DA:16,1
DA:17,1
DA:18,1
LF:10
LH:10
BRF:0
BRH:0
end_of_record
